[2022-05-04 오후 12:30:24] [PROGRESS] 010
[2022-05-04 오후 12:30:24] [INFO] - Solution file: D:\DIRECTORY\CalculatorCSharp-master\Calculator.sln
[2022-05-04 오후 12:30:24] [INFO] - Output path  : D:\DIRECTORY\CalculatorCSharp-master\.static\TETRIS

[2022-05-04 오후 12:30:24] [PROGRESS] 020
[2022-05-04 오후 12:30:24] [INFO] Open the solution file.
[2022-05-04 오후 12:30:26] [INFO] Initialize data.
[2022-05-04 오후 12:30:26] [PROGRESS] 030
[2022-05-04 오후 12:30:26] [INFO] Start calculating metrics.
[2022-05-04 오후 12:30:26] [PROGRESS] 040
[2022-05-04 오후 12:30:26] [INFO] Start collecting information of the called function(s)
[2022-05-04 오후 12:30:28] [DEBUG] The execution time of collecting called func: 1325ms
[2022-05-04 오후 12:30:28] [PROGRESS] 055
[2022-05-04 오후 12:30:28] [DEBUG] The execution time of collecting total metric: 40ms
[2022-05-04 오후 12:30:28] [DEBUG] Set timeout as 180000 milliseconds
[2022-05-04 오후 12:30:28] [INFO] [1/1] Calculator
[2022-05-04 오후 12:30:28] [DEBUG] Checking module name...
[2022-05-04 오후 12:30:28] [DEBUG] Module name : Calculator
[2022-05-04 오후 12:30:28] [DEBUG] Calculating for 10 files...
[2022-05-04 오후 12:30:28] [DEBUG] The execution time of collecting file metric: 12ms
[2022-05-04 오후 12:30:28] [DEBUG] The execution time: 114ms
[2022-05-04 오후 12:30:28] [PROGRESS] 095
[2022-05-04 오후 12:30:28] [PROGRESS] 100
[2022-05-04 오후 12:30:28] [INFO] Execution Time: 00:00:03
