==================================================================
2023/09/11_08:26:33:424
processName:mspdbsrv
PID:  5796
PPID: 4260
csID: 1
==================================================================
==================================================================
2023/09/11_08:26:40:639
processName:conhost
PID:  23596
PPID: 21516
csID: 2
==================================================================
==================================================================
2023/09/11_08:26:40:661
processName:cmd
PID:  21516
PPID: 5352
csID: 3
==================================================================
==================================================================
2023/09/11_08:26:40:689
processName:chcp
PID:  1888
PPID: 21516
csID: 4
==================================================================
==================================================================
2023/09/11_08:26:40:759
processName:MSBuild
PID:  21232
PPID: 21516
csID: 5
==================================================================
==================================================================
2023/09/11_08:26:41:385
processName:conhost
PID:  14420
PPID: 21852
csID: 6
==================================================================
==================================================================
2023/09/11_08:26:41:410
processName:Tracker
PID:  21852
PPID: 21232
csID: 7
==================================================================
==================================================================
2023/09/11_08:26:41:443
processName:CL
PID:  2948
PPID: 21852
csID: 8
==================================================================
==================================================================
2023/09/11_08:26:41:645
processName:conhost
PID:  25432
PPID: 22940
csID: 9
==================================================================
==================================================================
2023/09/11_08:26:41:674
processName:Tracker
PID:  22940
PPID: 21232
csID: 10
==================================================================
==================================================================
2023/09/11_08:26:41:708
processName:rc
PID:  4328
PPID: 22940
csID: 11
==================================================================
==================================================================
2023/09/11_08:26:41:773
processName:conhost
PID:  24664
PPID: 22684
csID: 12
==================================================================
==================================================================
2023/09/11_08:26:41:800
processName:Tracker
PID:  22684
PPID: 21232
csID: 13
==================================================================
==================================================================
2023/09/11_08:26:41:828
processName:link
PID:  16920
PPID: 22684
csID: 14
==================================================================
==================================================================
2023/09/11_08:26:41:874
processName:cvtres
PID:  23480
PPID: 16920
csID: 15
==================================================================
==================================================================
2023/09/11_08:26:42:53
processName:conhost
PID:  24828
PPID: 25016
csID: 16
==================================================================
==================================================================
2023/09/11_08:26:42:76
processName:Tracker
PID:  25016
PPID: 21232
csID: 17
==================================================================
==================================================================
2023/09/11_08:26:42:104
processName:mt
PID:  21540
PPID: 25016
csID: 18
==================================================================
==================================================================
2023/09/11_08:26:42:163
processName:conhost
PID:  1452
PPID: 21508
csID: 19
==================================================================
==================================================================
2023/09/11_08:26:42:188
processName:Tracker
PID:  21508
PPID: 21232
csID: 20
==================================================================
==================================================================
2023/09/11_08:26:42:216
processName:rc
PID:  23592
PPID: 21508
csID: 21
==================================================================
==================================================================
2023/09/11_08:26:42:267
processName:conhost
PID:  25536
PPID: 12900
csID: 22
==================================================================
==================================================================
2023/09/11_08:26:42:291
processName:Tracker
PID:  12900
PPID: 21232
csID: 23
==================================================================
==================================================================
2023/09/11_08:26:42:319
processName:link
PID:  22644
PPID: 12900
csID: 24
==================================================================
==================================================================
2023/09/11_08:26:42:358
processName:cvtres
PID:  24816
PPID: 22644
csID: 25
==================================================================
==================================================================
2023/09/11_08:26:42:401
processName:link
PID:  24508
PPID: 22644
csID: 26
==================================================================
==================================================================
2023/09/11_08:26:42:442
processName:cvtres
PID:  14376
PPID: 24508
csID: 27
==================================================================
==================================================================
2023/09/11_08:26:42:661
processName:chcp
PID:  22576
PPID: 21516
csID: 28
==================================================================
