( 5796)(    1)ME: c:\Program Files (x86)\Microsoft Visual Studio 10.0\Common7\ide\mspdbsrv.exe
( 5796)(    1) + HOME: C:\Users\nryun\AppData\Local\Suresofttech\STATIC Toolbox\apps\STATIC Client for C, C++ v4.6.0\
( 5796)(    1) + WORKING: D:\VPES_GIT\git\VPES_Autumation\miro_2010\.staticdata
( 5796) + IGNORE: msbuild xxxxx // INTEREST: cl gcc cc g++ ar link ld xxx xc8 cpp cpstm8 castm8 clnk tricore-gcc tricore-g++ ctoa etoa ecomppc elxr
( 5796)(    1) + Ignored EXENAME: mspdbsrv
(23596)(    2)ME: C:\Windows\system32\conhost.exe
(23596)(    2) + HOME: C:\Users\nryun\AppData\Local\Suresofttech\STATIC Toolbox\apps\STATIC Client for C, C++ v4.6.0\
(23596)(    2) + WORKING: D:\VPES_GIT\git\VPES_Autumation\miro_2010\.staticdata
(23596) + IGNORE: msbuild xxxxx // INTEREST: cl gcc cc g++ ar link ld xxx xc8 cpp cpstm8 castm8 clnk tricore-gcc tricore-g++ ctoa etoa ecomppc elxr
(23596)(    2) + Ignored EXENAME: conhost
(21516)(    3)ME: C:\Windows\system32\cmd.exe
(21516)(    3) + HOME: C:\Users\nryun\AppData\Local\Suresofttech\STATIC Toolbox\apps\STATIC Client for C, C++ v4.6.0\
(21516)(    3) + WORKING: D:\VPES_GIT\git\VPES_Autumation\miro_2010\.staticdata
(21516) + IGNORE: msbuild xxxxx // INTEREST: cl gcc cc g++ ar link ld xxx xc8 cpp cpstm8 castm8 clnk tricore-gcc tricore-g++ ctoa etoa ecomppc elxr
(21516)(    3) + Ignored EXENAME: cmd
( 1888)(    4)ME: C:\Windows\system32\chcp.com
( 1888)(    4) + HOME: C:\Users\nryun\AppData\Local\Suresofttech\STATIC Toolbox\apps\STATIC Client for C, C++ v4.6.0\
( 1888)(    4) + WORKING: D:\VPES_GIT\git\VPES_Autumation\miro_2010\.staticdata
( 1888) + IGNORE: msbuild xxxxx // INTEREST: cl gcc cc g++ ar link ld xxx xc8 cpp cpstm8 castm8 clnk tricore-gcc tricore-g++ ctoa etoa ecomppc elxr
( 1888)(    4) + Ignored EXENAME: chcp
(21232)(    5)ME: C:\Windows\Microsoft.NET\Framework\v4.0.30319\MSBuild.exe
(21232)(    5) + HOME: C:\Users\nryun\AppData\Local\Suresofttech\STATIC Toolbox\apps\STATIC Client for C, C++ v4.6.0\
(21232)(    5) + WORKING: D:\VPES_GIT\git\VPES_Autumation\miro_2010\.staticdata
(21232) + IGNORE: msbuild xxxxx // INTEREST: cl gcc cc g++ ar link ld xxx xc8 cpp cpstm8 castm8 clnk tricore-gcc tricore-g++ ctoa etoa ecomppc elxr
(21232)(    5)ME: C:\Windows\Microsoft.NET\Framework\v4.0.30319\MSBuild.exe
(21232)(    5) + HOME: C:\Users\nryun\AppData\Local\Suresofttech\STATIC Toolbox\apps\STATIC Client for C, C++ v4.6.0\
(21232)(    5) + WORKING: D:\VPES_GIT\git\VPES_Autumation\miro_2010\.staticdata
(21232) + IGNORE: msbuild xxxxx // INTEREST: cl gcc cc g++ ar link ld xxx xc8 cpp cpstm8 castm8 clnk tricore-gcc tricore-g++ ctoa etoa ecomppc elxr
(14420)(    6)ME: C:\Windows\system32\conhost.exe
(14420)(    6) + HOME: C:\Users\nryun\AppData\Local\Suresofttech\STATIC Toolbox\apps\STATIC Client for C, C++ v4.6.0\
(14420)(    6) + WORKING: D:\VPES_GIT\git\VPES_Autumation\miro_2010\.staticdata
(14420) + IGNORE: msbuild xxxxx // INTEREST: cl gcc cc g++ ar link ld xxx xc8 cpp cpstm8 castm8 clnk tricore-gcc tricore-g++ ctoa etoa ecomppc elxr
(14420)(    6) + Ignored EXENAME: conhost
(21852)(    7)ME: C:\Program Files (x86)\Microsoft SDKs\Windows\v8.0A\bin\NETFX 4.0 Tools\Tracker.exe
(21852)(    7) + HOME: C:\Users\nryun\AppData\Local\Suresofttech\STATIC Toolbox\apps\STATIC Client for C, C++ v4.6.0\
(21852)(    7) + WORKING: D:\VPES_GIT\git\VPES_Autumation\miro_2010\.staticdata
(21852) + IGNORE: msbuild xxxxx // INTEREST: cl gcc cc g++ ar link ld xxx xc8 cpp cpstm8 castm8 clnk tricore-gcc tricore-g++ ctoa etoa ecomppc elxr
(21852)(    7) + Ignored EXENAME: tracker
( 2948)(    8)ME: c:\Program Files (x86)\Microsoft Visual Studio 10.0\VC\bin\CL.exe
( 2948)(    8) + HOME: C:\Users\nryun\AppData\Local\Suresofttech\STATIC Toolbox\apps\STATIC Client for C, C++ v4.6.0\
( 2948)(    8) + WORKING: D:\VPES_GIT\git\VPES_Autumation\miro_2010\.staticdata
( 2948) + IGNORE: msbuild xxxxx // INTEREST: cl gcc cc g++ ar link ld xxx xc8 cpp cpstm8 castm8 clnk tricore-gcc tricore-g++ ctoa etoa ecomppc elxr
( 2948)(    8)ME: c:\Program Files (x86)\Microsoft Visual Studio 10.0\VC\bin\CL.exe
( 2948)(    8) + HOME: C:\Users\nryun\AppData\Local\Suresofttech\STATIC Toolbox\apps\STATIC Client for C, C++ v4.6.0\
( 2948)(    8) + WORKING: D:\VPES_GIT\git\VPES_Autumation\miro_2010\.staticdata
( 2948) + IGNORE: msbuild xxxxx // INTEREST: cl gcc cc g++ ar link ld xxx xc8 cpp cpstm8 castm8 clnk tricore-gcc tricore-g++ ctoa etoa ecomppc elxr
(21852)(    7)ME: C:\Program Files (x86)\Microsoft SDKs\Windows\v8.0A\bin\NETFX 4.0 Tools\Tracker.exe
(21852)(    7) + HOME: C:\Users\nryun\AppData\Local\Suresofttech\STATIC Toolbox\apps\STATIC Client for C, C++ v4.6.0\
(21852)(    7) + WORKING: D:\VPES_GIT\git\VPES_Autumation\miro_2010\.staticdata
(21852) + IGNORE: msbuild xxxxx // INTEREST: cl gcc cc g++ ar link ld xxx xc8 cpp cpstm8 castm8 clnk tricore-gcc tricore-g++ ctoa etoa ecomppc elxr
(25432)(    9)ME: C:\Windows\system32\conhost.exe
(25432)(    9) + HOME: C:\Users\nryun\AppData\Local\Suresofttech\STATIC Toolbox\apps\STATIC Client for C, C++ v4.6.0\
(25432)(    9) + WORKING: D:\VPES_GIT\git\VPES_Autumation\miro_2010\.staticdata
(25432) + IGNORE: msbuild xxxxx // INTEREST: cl gcc cc g++ ar link ld xxx xc8 cpp cpstm8 castm8 clnk tricore-gcc tricore-g++ ctoa etoa ecomppc elxr
(25432)(    9) + Ignored EXENAME: conhost
(22940)(   10)ME: C:\Program Files (x86)\Microsoft SDKs\Windows\v8.0A\bin\NETFX 4.0 Tools\Tracker.exe
(22940)(   10) + HOME: C:\Users\nryun\AppData\Local\Suresofttech\STATIC Toolbox\apps\STATIC Client for C, C++ v4.6.0\
(22940)(   10) + WORKING: D:\VPES_GIT\git\VPES_Autumation\miro_2010\.staticdata
(22940) + IGNORE: msbuild xxxxx // INTEREST: cl gcc cc g++ ar link ld xxx xc8 cpp cpstm8 castm8 clnk tricore-gcc tricore-g++ ctoa etoa ecomppc elxr
(22940)(   10) + Ignored EXENAME: tracker
( 4328)(   11)ME: c:\Program Files (x86)\Microsoft SDKs\Windows\v7.0A\bin\rc.exe
( 4328)(   11) + HOME: C:\Users\nryun\AppData\Local\Suresofttech\STATIC Toolbox\apps\STATIC Client for C, C++ v4.6.0\
( 4328)(   11) + WORKING: D:\VPES_GIT\git\VPES_Autumation\miro_2010\.staticdata
( 4328) + IGNORE: msbuild xxxxx // INTEREST: cl gcc cc g++ ar link ld xxx xc8 cpp cpstm8 castm8 clnk tricore-gcc tricore-g++ ctoa etoa ecomppc elxr
( 4328)(   11) + Ignored EXENAME: rc
( 4328)(   11)ME: c:\Program Files (x86)\Microsoft SDKs\Windows\v7.0A\bin\rc.exe
( 4328)(   11) + HOME: C:\Users\nryun\AppData\Local\Suresofttech\STATIC Toolbox\apps\STATIC Client for C, C++ v4.6.0\
( 4328)(   11) + WORKING: D:\VPES_GIT\git\VPES_Autumation\miro_2010\.staticdata
( 4328) + IGNORE: msbuild xxxxx // INTEREST: cl gcc cc g++ ar link ld xxx xc8 cpp cpstm8 castm8 clnk tricore-gcc tricore-g++ ctoa etoa ecomppc elxr
(22940)(   10)ME: C:\Program Files (x86)\Microsoft SDKs\Windows\v8.0A\bin\NETFX 4.0 Tools\Tracker.exe
(22940)(   10) + HOME: C:\Users\nryun\AppData\Local\Suresofttech\STATIC Toolbox\apps\STATIC Client for C, C++ v4.6.0\
(22940)(   10) + WORKING: D:\VPES_GIT\git\VPES_Autumation\miro_2010\.staticdata
(22940) + IGNORE: msbuild xxxxx // INTEREST: cl gcc cc g++ ar link ld xxx xc8 cpp cpstm8 castm8 clnk tricore-gcc tricore-g++ ctoa etoa ecomppc elxr
(24664)(   12)ME: C:\Windows\system32\conhost.exe
(24664)(   12) + HOME: C:\Users\nryun\AppData\Local\Suresofttech\STATIC Toolbox\apps\STATIC Client for C, C++ v4.6.0\
(24664)(   12) + WORKING: D:\VPES_GIT\git\VPES_Autumation\miro_2010\.staticdata
(24664) + IGNORE: msbuild xxxxx // INTEREST: cl gcc cc g++ ar link ld xxx xc8 cpp cpstm8 castm8 clnk tricore-gcc tricore-g++ ctoa etoa ecomppc elxr
(24664)(   12) + Ignored EXENAME: conhost
(22684)(   13)ME: C:\Program Files (x86)\Microsoft SDKs\Windows\v8.0A\bin\NETFX 4.0 Tools\Tracker.exe
(22684)(   13) + HOME: C:\Users\nryun\AppData\Local\Suresofttech\STATIC Toolbox\apps\STATIC Client for C, C++ v4.6.0\
(22684)(   13) + WORKING: D:\VPES_GIT\git\VPES_Autumation\miro_2010\.staticdata
(22684) + IGNORE: msbuild xxxxx // INTEREST: cl gcc cc g++ ar link ld xxx xc8 cpp cpstm8 castm8 clnk tricore-gcc tricore-g++ ctoa etoa ecomppc elxr
(22684)(   13) + Ignored EXENAME: tracker
(23480)(   15)ME: c:\Program Files (x86)\Microsoft Visual Studio 10.0\VC\bin\cvtres.exe
(23480)(   15) + HOME: C:\Users\nryun\AppData\Local\Suresofttech\STATIC Toolbox\apps\STATIC Client for C, C++ v4.6.0\
(23480)(   15) + WORKING: D:\VPES_GIT\git\VPES_Autumation\miro_2010\.staticdata
(23480) + IGNORE: msbuild xxxxx // INTEREST: cl gcc cc g++ ar link ld xxx xc8 cpp cpstm8 castm8 clnk tricore-gcc tricore-g++ ctoa etoa ecomppc elxr
(23480)(   15) + Ignored EXENAME: cvtres
(23480)(   15)ME: c:\Program Files (x86)\Microsoft Visual Studio 10.0\VC\bin\cvtres.exe
(23480)(   15) + HOME: C:\Users\nryun\AppData\Local\Suresofttech\STATIC Toolbox\apps\STATIC Client for C, C++ v4.6.0\
(23480)(   15) + WORKING: D:\VPES_GIT\git\VPES_Autumation\miro_2010\.staticdata
(23480) + IGNORE: msbuild xxxxx // INTEREST: cl gcc cc g++ ar link ld xxx xc8 cpp cpstm8 castm8 clnk tricore-gcc tricore-g++ ctoa etoa ecomppc elxr
(16920)(   14)ME: c:\Program Files (x86)\Microsoft Visual Studio 10.0\VC\bin\link.exe
(16920)(   14) + HOME: C:\Users\nryun\AppData\Local\Suresofttech\STATIC Toolbox\apps\STATIC Client for C, C++ v4.6.0\
(16920)(   14) + WORKING: D:\VPES_GIT\git\VPES_Autumation\miro_2010\.staticdata
(16920) + IGNORE: msbuild xxxxx // INTEREST: cl gcc cc g++ ar link ld xxx xc8 cpp cpstm8 castm8 clnk tricore-gcc tricore-g++ ctoa etoa ecomppc elxr
(16920)(   14)ME: c:\Program Files (x86)\Microsoft Visual Studio 10.0\VC\bin\link.exe
(16920)(   14) + HOME: C:\Users\nryun\AppData\Local\Suresofttech\STATIC Toolbox\apps\STATIC Client for C, C++ v4.6.0\
(16920)(   14) + WORKING: D:\VPES_GIT\git\VPES_Autumation\miro_2010\.staticdata
(16920) + IGNORE: msbuild xxxxx // INTEREST: cl gcc cc g++ ar link ld xxx xc8 cpp cpstm8 castm8 clnk tricore-gcc tricore-g++ ctoa etoa ecomppc elxr
(22684)(   13)ME: C:\Program Files (x86)\Microsoft SDKs\Windows\v8.0A\bin\NETFX 4.0 Tools\Tracker.exe
(22684)(   13) + HOME: C:\Users\nryun\AppData\Local\Suresofttech\STATIC Toolbox\apps\STATIC Client for C, C++ v4.6.0\
(22684)(   13) + WORKING: D:\VPES_GIT\git\VPES_Autumation\miro_2010\.staticdata
(22684) + IGNORE: msbuild xxxxx // INTEREST: cl gcc cc g++ ar link ld xxx xc8 cpp cpstm8 castm8 clnk tricore-gcc tricore-g++ ctoa etoa ecomppc elxr
(24828)(   16)ME: C:\Windows\system32\conhost.exe
(24828)(   16) + HOME: C:\Users\nryun\AppData\Local\Suresofttech\STATIC Toolbox\apps\STATIC Client for C, C++ v4.6.0\
(24828)(   16) + WORKING: D:\VPES_GIT\git\VPES_Autumation\miro_2010\.staticdata
(24828) + IGNORE: msbuild xxxxx // INTEREST: cl gcc cc g++ ar link ld xxx xc8 cpp cpstm8 castm8 clnk tricore-gcc tricore-g++ ctoa etoa ecomppc elxr
(24828)(   16) + Ignored EXENAME: conhost
(25016)(   17)ME: C:\Program Files (x86)\Microsoft SDKs\Windows\v8.0A\bin\NETFX 4.0 Tools\Tracker.exe
(25016)(   17) + HOME: C:\Users\nryun\AppData\Local\Suresofttech\STATIC Toolbox\apps\STATIC Client for C, C++ v4.6.0\
(25016)(   17) + WORKING: D:\VPES_GIT\git\VPES_Autumation\miro_2010\.staticdata
(25016) + IGNORE: msbuild xxxxx // INTEREST: cl gcc cc g++ ar link ld xxx xc8 cpp cpstm8 castm8 clnk tricore-gcc tricore-g++ ctoa etoa ecomppc elxr
(25016)(   17) + Ignored EXENAME: tracker
(21540)(   18)ME: c:\Program Files (x86)\Microsoft SDKs\Windows\v7.0A\bin\mt.exe
(21540)(   18) + HOME: C:\Users\nryun\AppData\Local\Suresofttech\STATIC Toolbox\apps\STATIC Client for C, C++ v4.6.0\
(21540)(   18) + WORKING: D:\VPES_GIT\git\VPES_Autumation\miro_2010\.staticdata
(21540) + IGNORE: msbuild xxxxx // INTEREST: cl gcc cc g++ ar link ld xxx xc8 cpp cpstm8 castm8 clnk tricore-gcc tricore-g++ ctoa etoa ecomppc elxr
(21540)(   18) + Ignored EXENAME: mt
(21540)(   18)ME: c:\Program Files (x86)\Microsoft SDKs\Windows\v7.0A\bin\mt.exe
(21540)(   18) + HOME: C:\Users\nryun\AppData\Local\Suresofttech\STATIC Toolbox\apps\STATIC Client for C, C++ v4.6.0\
(21540)(   18) + WORKING: D:\VPES_GIT\git\VPES_Autumation\miro_2010\.staticdata
(21540) + IGNORE: msbuild xxxxx // INTEREST: cl gcc cc g++ ar link ld xxx xc8 cpp cpstm8 castm8 clnk tricore-gcc tricore-g++ ctoa etoa ecomppc elxr
(25016)(   17)ME: C:\Program Files (x86)\Microsoft SDKs\Windows\v8.0A\bin\NETFX 4.0 Tools\Tracker.exe
(25016)(   17) + HOME: C:\Users\nryun\AppData\Local\Suresofttech\STATIC Toolbox\apps\STATIC Client for C, C++ v4.6.0\
(25016)(   17) + WORKING: D:\VPES_GIT\git\VPES_Autumation\miro_2010\.staticdata
(25016) + IGNORE: msbuild xxxxx // INTEREST: cl gcc cc g++ ar link ld xxx xc8 cpp cpstm8 castm8 clnk tricore-gcc tricore-g++ ctoa etoa ecomppc elxr
( 1452)(   19)ME: C:\Windows\system32\conhost.exe
( 1452)(   19) + HOME: C:\Users\nryun\AppData\Local\Suresofttech\STATIC Toolbox\apps\STATIC Client for C, C++ v4.6.0\
( 1452)(   19) + WORKING: D:\VPES_GIT\git\VPES_Autumation\miro_2010\.staticdata
( 1452) + IGNORE: msbuild xxxxx // INTEREST: cl gcc cc g++ ar link ld xxx xc8 cpp cpstm8 castm8 clnk tricore-gcc tricore-g++ ctoa etoa ecomppc elxr
( 1452)(   19) + Ignored EXENAME: conhost
(21508)(   20)ME: C:\Program Files (x86)\Microsoft SDKs\Windows\v8.0A\bin\NETFX 4.0 Tools\Tracker.exe
(21508)(   20) + HOME: C:\Users\nryun\AppData\Local\Suresofttech\STATIC Toolbox\apps\STATIC Client for C, C++ v4.6.0\
(21508)(   20) + WORKING: D:\VPES_GIT\git\VPES_Autumation\miro_2010\.staticdata
(21508) + IGNORE: msbuild xxxxx // INTEREST: cl gcc cc g++ ar link ld xxx xc8 cpp cpstm8 castm8 clnk tricore-gcc tricore-g++ ctoa etoa ecomppc elxr
(21508)(   20) + Ignored EXENAME: tracker
(23592)(   21)ME: c:\Program Files (x86)\Microsoft SDKs\Windows\v7.0A\bin\rc.exe
(23592)(   21) + HOME: C:\Users\nryun\AppData\Local\Suresofttech\STATIC Toolbox\apps\STATIC Client for C, C++ v4.6.0\
(23592)(   21) + WORKING: D:\VPES_GIT\git\VPES_Autumation\miro_2010\.staticdata
(23592) + IGNORE: msbuild xxxxx // INTEREST: cl gcc cc g++ ar link ld xxx xc8 cpp cpstm8 castm8 clnk tricore-gcc tricore-g++ ctoa etoa ecomppc elxr
(23592)(   21) + Ignored EXENAME: rc
(23592)(   21)ME: c:\Program Files (x86)\Microsoft SDKs\Windows\v7.0A\bin\rc.exe
(23592)(   21) + HOME: C:\Users\nryun\AppData\Local\Suresofttech\STATIC Toolbox\apps\STATIC Client for C, C++ v4.6.0\
(23592)(   21) + WORKING: D:\VPES_GIT\git\VPES_Autumation\miro_2010\.staticdata
(23592) + IGNORE: msbuild xxxxx // INTEREST: cl gcc cc g++ ar link ld xxx xc8 cpp cpstm8 castm8 clnk tricore-gcc tricore-g++ ctoa etoa ecomppc elxr
(21508)(   20)ME: C:\Program Files (x86)\Microsoft SDKs\Windows\v8.0A\bin\NETFX 4.0 Tools\Tracker.exe
(21508)(   20) + HOME: C:\Users\nryun\AppData\Local\Suresofttech\STATIC Toolbox\apps\STATIC Client for C, C++ v4.6.0\
(21508)(   20) + WORKING: D:\VPES_GIT\git\VPES_Autumation\miro_2010\.staticdata
(21508) + IGNORE: msbuild xxxxx // INTEREST: cl gcc cc g++ ar link ld xxx xc8 cpp cpstm8 castm8 clnk tricore-gcc tricore-g++ ctoa etoa ecomppc elxr
(25536)(   22)ME: C:\Windows\system32\conhost.exe
(25536)(   22) + HOME: C:\Users\nryun\AppData\Local\Suresofttech\STATIC Toolbox\apps\STATIC Client for C, C++ v4.6.0\
(25536)(   22) + WORKING: D:\VPES_GIT\git\VPES_Autumation\miro_2010\.staticdata
(25536) + IGNORE: msbuild xxxxx // INTEREST: cl gcc cc g++ ar link ld xxx xc8 cpp cpstm8 castm8 clnk tricore-gcc tricore-g++ ctoa etoa ecomppc elxr
(25536)(   22) + Ignored EXENAME: conhost
(12900)(   23)ME: C:\Program Files (x86)\Microsoft SDKs\Windows\v8.0A\bin\NETFX 4.0 Tools\Tracker.exe
(12900)(   23) + HOME: C:\Users\nryun\AppData\Local\Suresofttech\STATIC Toolbox\apps\STATIC Client for C, C++ v4.6.0\
(12900)(   23) + WORKING: D:\VPES_GIT\git\VPES_Autumation\miro_2010\.staticdata
(12900) + IGNORE: msbuild xxxxx // INTEREST: cl gcc cc g++ ar link ld xxx xc8 cpp cpstm8 castm8 clnk tricore-gcc tricore-g++ ctoa etoa ecomppc elxr
(12900)(   23) + Ignored EXENAME: tracker
(24816)(   25)ME: c:\Program Files (x86)\Microsoft Visual Studio 10.0\VC\bin\cvtres.exe
(24816)(   25) + HOME: C:\Users\nryun\AppData\Local\Suresofttech\STATIC Toolbox\apps\STATIC Client for C, C++ v4.6.0\
(24816)(   25) + WORKING: D:\VPES_GIT\git\VPES_Autumation\miro_2010\.staticdata
(24816) + IGNORE: msbuild xxxxx // INTEREST: cl gcc cc g++ ar link ld xxx xc8 cpp cpstm8 castm8 clnk tricore-gcc tricore-g++ ctoa etoa ecomppc elxr
(24816)(   25) + Ignored EXENAME: cvtres
(24816)(   25)ME: c:\Program Files (x86)\Microsoft Visual Studio 10.0\VC\bin\cvtres.exe
(24816)(   25) + HOME: C:\Users\nryun\AppData\Local\Suresofttech\STATIC Toolbox\apps\STATIC Client for C, C++ v4.6.0\
(24816)(   25) + WORKING: D:\VPES_GIT\git\VPES_Autumation\miro_2010\.staticdata
(24816) + IGNORE: msbuild xxxxx // INTEREST: cl gcc cc g++ ar link ld xxx xc8 cpp cpstm8 castm8 clnk tricore-gcc tricore-g++ ctoa etoa ecomppc elxr
(14376)(   27)ME: c:\Program Files (x86)\Microsoft Visual Studio 10.0\VC\bin\cvtres.exe
(14376)(   27) + HOME: C:\Users\nryun\AppData\Local\Suresofttech\STATIC Toolbox\apps\STATIC Client for C, C++ v4.6.0\
(14376)(   27) + WORKING: D:\VPES_GIT\git\VPES_Autumation\miro_2010\.staticdata
(14376) + IGNORE: msbuild xxxxx // INTEREST: cl gcc cc g++ ar link ld xxx xc8 cpp cpstm8 castm8 clnk tricore-gcc tricore-g++ ctoa etoa ecomppc elxr
(14376)(   27) + Ignored EXENAME: cvtres
(14376)(   27)ME: c:\Program Files (x86)\Microsoft Visual Studio 10.0\VC\bin\cvtres.exe
(14376)(   27) + HOME: C:\Users\nryun\AppData\Local\Suresofttech\STATIC Toolbox\apps\STATIC Client for C, C++ v4.6.0\
(14376)(   27) + WORKING: D:\VPES_GIT\git\VPES_Autumation\miro_2010\.staticdata
(14376) + IGNORE: msbuild xxxxx // INTEREST: cl gcc cc g++ ar link ld xxx xc8 cpp cpstm8 castm8 clnk tricore-gcc tricore-g++ ctoa etoa ecomppc elxr
(24508)(   26)ME: c:\Program Files (x86)\Microsoft Visual Studio 10.0\VC\bin\link.exe
(24508)(   26) + HOME: C:\Users\nryun\AppData\Local\Suresofttech\STATIC Toolbox\apps\STATIC Client for C, C++ v4.6.0\
(24508)(   26) + WORKING: D:\VPES_GIT\git\VPES_Autumation\miro_2010\.staticdata
(24508) + IGNORE: msbuild xxxxx // INTEREST: cl gcc cc g++ ar link ld xxx xc8 cpp cpstm8 castm8 clnk tricore-gcc tricore-g++ ctoa etoa ecomppc elxr
(24508)(   26)ME: c:\Program Files (x86)\Microsoft Visual Studio 10.0\VC\bin\link.exe
(24508)(   26) + HOME: C:\Users\nryun\AppData\Local\Suresofttech\STATIC Toolbox\apps\STATIC Client for C, C++ v4.6.0\
(24508)(   26) + WORKING: D:\VPES_GIT\git\VPES_Autumation\miro_2010\.staticdata
(24508) + IGNORE: msbuild xxxxx // INTEREST: cl gcc cc g++ ar link ld xxx xc8 cpp cpstm8 castm8 clnk tricore-gcc tricore-g++ ctoa etoa ecomppc elxr
(22644)(   24)ME: c:\Program Files (x86)\Microsoft Visual Studio 10.0\VC\bin\link.exe
(22644)(   24) + HOME: C:\Users\nryun\AppData\Local\Suresofttech\STATIC Toolbox\apps\STATIC Client for C, C++ v4.6.0\
(22644)(   24) + WORKING: D:\VPES_GIT\git\VPES_Autumation\miro_2010\.staticdata
(22644) + IGNORE: msbuild xxxxx // INTEREST: cl gcc cc g++ ar link ld xxx xc8 cpp cpstm8 castm8 clnk tricore-gcc tricore-g++ ctoa etoa ecomppc elxr
(22644)(   24)ME: c:\Program Files (x86)\Microsoft Visual Studio 10.0\VC\bin\link.exe
(22644)(   24) + HOME: C:\Users\nryun\AppData\Local\Suresofttech\STATIC Toolbox\apps\STATIC Client for C, C++ v4.6.0\
(22644)(   24) + WORKING: D:\VPES_GIT\git\VPES_Autumation\miro_2010\.staticdata
(22644) + IGNORE: msbuild xxxxx // INTEREST: cl gcc cc g++ ar link ld xxx xc8 cpp cpstm8 castm8 clnk tricore-gcc tricore-g++ ctoa etoa ecomppc elxr
(12900)(   23)ME: C:\Program Files (x86)\Microsoft SDKs\Windows\v8.0A\bin\NETFX 4.0 Tools\Tracker.exe
(12900)(   23) + HOME: C:\Users\nryun\AppData\Local\Suresofttech\STATIC Toolbox\apps\STATIC Client for C, C++ v4.6.0\
(12900)(   23) + WORKING: D:\VPES_GIT\git\VPES_Autumation\miro_2010\.staticdata
(12900) + IGNORE: msbuild xxxxx // INTEREST: cl gcc cc g++ ar link ld xxx xc8 cpp cpstm8 castm8 clnk tricore-gcc tricore-g++ ctoa etoa ecomppc elxr
(22576)(   28)ME: C:\Windows\system32\chcp.com
(22576)(   28) + HOME: C:\Users\nryun\AppData\Local\Suresofttech\STATIC Toolbox\apps\STATIC Client for C, C++ v4.6.0\
(22576)(   28) + WORKING: D:\VPES_GIT\git\VPES_Autumation\miro_2010\.staticdata
(22576) + IGNORE: msbuild xxxxx // INTEREST: cl gcc cc g++ ar link ld xxx xc8 cpp cpstm8 castm8 clnk tricore-gcc tricore-g++ ctoa etoa ecomppc elxr
(22576)(   28) + Ignored EXENAME: chcp
( 5796)(    1)ME: c:\Program Files (x86)\Microsoft Visual Studio 10.0\Common7\ide\mspdbsrv.exe
( 5796)(    1) + HOME: C:\Users\nryun\AppData\Local\Suresofttech\STATIC Toolbox\apps\STATIC Client for C, C++ v4.6.0\
( 5796)(    1) + WORKING: D:\VPES_GIT\git\VPES_Autumation\miro_2010\.staticdata
( 5796) + IGNORE: msbuild xxxxx // INTEREST: cl gcc cc g++ ar link ld xxx xc8 cpp cpstm8 castm8 clnk tricore-gcc tricore-g++ ctoa etoa ecomppc elxr
( 5796)(    1)ME: c:\Program Files (x86)\Microsoft Visual Studio 10.0\Common7\ide\mspdbsrv.exe
( 5796)(    1) + HOME: C:\Users\nryun\AppData\Local\Suresofttech\STATIC Toolbox\apps\STATIC Client for C, C++ v4.6.0\
( 5796)(    1) + WORKING: D:\VPES_GIT\git\VPES_Autumation\miro_2010\.staticdata
( 5796) + IGNORE: msbuild xxxxx // INTEREST: cl gcc cc g++ ar link ld xxx xc8 cpp cpstm8 castm8 clnk tricore-gcc tricore-g++ ctoa etoa ecomppc elxr
( 5796)(    1) + Ignored EXENAME: mspdbsrv
( 5796)(    1)ME: c:\Program Files (x86)\Microsoft Visual Studio 10.0\Common7\ide\mspdbsrv.exe
( 5796)(    1) + HOME: C:\Users\nryun\AppData\Local\Suresofttech\STATIC Toolbox\apps\STATIC Client for C, C++ v4.6.0\
( 5796)(    1) + WORKING: D:\VPES_GIT\git\VPES_Autumation\miro_2010\.staticdata
( 5796) + IGNORE: msbuild xxxxx // INTEREST: cl gcc cc g++ ar link ld xxx xc8 cpp cpstm8 castm8 clnk tricore-gcc tricore-g++ ctoa etoa ecomppc elxr
( 5796)(    3)ME: c:\Program Files (x86)\Microsoft Visual Studio 10.0\Common7\ide\mspdbsrv.exe
( 5796)(    3) + HOME: C:\Users\nryun\AppData\Local\Suresofttech\STATIC Toolbox\apps\STATIC Client for C, C++ v4.6.0\
( 5796)(    3) + WORKING: D:\VPES_GIT\git\VPES_Autumation\miro_2010\.staticdata
( 5796) + IGNORE: msbuild xxxxx // INTEREST: cl gcc cc g++ ar link ld xxx xc8 cpp cpstm8 castm8 clnk tricore-gcc tricore-g++ ctoa etoa ecomppc elxr
( 5796)(    3) + Ignored EXENAME: mspdbsrv
( 5796)(    3)ME: c:\Program Files (x86)\Microsoft Visual Studio 10.0\Common7\ide\mspdbsrv.exe
( 5796)(    3) + HOME: C:\Users\nryun\AppData\Local\Suresofttech\STATIC Toolbox\apps\STATIC Client for C, C++ v4.6.0\
( 5796)(    3) + WORKING: D:\VPES_GIT\git\VPES_Autumation\miro_2010\.staticdata
( 5796) + IGNORE: msbuild xxxxx // INTEREST: cl gcc cc g++ ar link ld xxx xc8 cpp cpstm8 castm8 clnk tricore-gcc tricore-g++ ctoa etoa ecomppc elxr
( 5796)(    2)ME: c:\Program Files (x86)\Microsoft Visual Studio 10.0\Common7\ide\mspdbsrv.exe
( 5796)(    2) + HOME: C:\Users\nryun\AppData\Local\Suresofttech\STATIC Toolbox\apps\STATIC Client for C, C++ v4.6.0\
( 5796)(    2) + WORKING: D:\VPES_GIT\git\VPES_Autumation\miro_2010\.staticdata
( 5796) + IGNORE: msbuild xxxxx // INTEREST: cl gcc cc g++ ar link ld xxx xc8 cpp cpstm8 castm8 clnk tricore-gcc tricore-g++ ctoa etoa ecomppc elxr
( 5796)(    2) + Ignored EXENAME: mspdbsrv
( 5796)(    2)ME: c:\Program Files (x86)\Microsoft Visual Studio 10.0\Common7\ide\mspdbsrv.exe
( 5796)(    2) + HOME: C:\Users\nryun\AppData\Local\Suresofttech\STATIC Toolbox\apps\STATIC Client for C, C++ v4.6.0\
( 5796)(    2) + WORKING: D:\VPES_GIT\git\VPES_Autumation\miro_2010\.staticdata
( 5796) + IGNORE: msbuild xxxxx // INTEREST: cl gcc cc g++ ar link ld xxx xc8 cpp cpstm8 castm8 clnk tricore-gcc tricore-g++ ctoa etoa ecomppc elxr
