.\Debug\miro.ilk
.\Debug\miro.pdb
D:\VPES_GIT\git\VPES_Autumation\miro_2010\.\Debug\miro.exe
D:\VPES_GIT\git\VPES_Autumation\miro_2010\.\Debug\miro.exe.intermediate.manifest
D:\VPES_GIT\GIT\VPES_AUTUMATION\MIRO_2010\.STATICDATA\WTRACE.CL.7
D:\VPES_GIT\GIT\VPES_AUTUMATION\MIRO_2010\.STATICDATA\WTRACE.CSID.LOG
D:\VPES_GIT\GIT\VPES_AUTUMATION\MIRO_2010\.STATICDATA\WTRACE.LINK.14
D:\VPES_GIT\GIT\VPES_AUTUMATION\MIRO_2010\.STATICDATA\WTRACE.LINK.24
D:\VPES_GIT\GIT\VPES_AUTUMATION\MIRO_2010\.STATICDATA\WTRACE.LINK.26
D:\VPES_GIT\GIT\VPES_AUTUMATION\MIRO_2010\.STATICDATA\WTRACE.LOG
D:\VPES_GIT\git\VPES_Autumation\miro_2010\Debug\cl.command.1.tlog
D:\VPES_GIT\git\VPES_Autumation\miro_2010\Debug\CL.read.1.tlog
D:\VPES_GIT\git\VPES_Autumation\miro_2010\Debug\CL.write.1.tlog
D:\VPES_GIT\git\VPES_Autumation\miro_2010\Debug\link.23360.read.1.tlog
D:\VPES_GIT\git\VPES_Autumation\miro_2010\Debug\link.23360.write.1.tlog
D:\VPES_GIT\git\VPES_Autumation\miro_2010\Debug\link.23360-cvtres.read.1.tlog
D:\VPES_GIT\git\VPES_Autumation\miro_2010\Debug\link.23360-cvtres.write.1.tlog
D:\VPES_GIT\git\VPES_Autumation\miro_2010\Debug\link.command.1.tlog
D:\VPES_GIT\git\VPES_Autumation\miro_2010\Debug\link.read.1.tlog
D:\VPES_GIT\git\VPES_Autumation\miro_2010\Debug\link.write.1.tlog
D:\VPES_GIT\git\VPES_Autumation\miro_2010\Debug\link-cvtres.read.1.tlog
D:\VPES_GIT\git\VPES_Autumation\miro_2010\Debug\link-cvtres.write.1.tlog
D:\VPES_GIT\GIT\VPES_AUTUMATION\MIRO_2010\DEBUG\MIRO.EXE
D:\VPES_GIT\GIT\VPES_AUTUMATION\MIRO_2010\DEBUG\MIRO.EXE.EMBED.MANIFEST
D:\VPES_GIT\GIT\VPES_AUTUMATION\MIRO_2010\DEBUG\MIRO.EXE.EMBED.MANIFEST.RES
D:\VPES_GIT\GIT\VPES_AUTUMATION\MIRO_2010\DEBUG\MIRO.EXE.INTERMEDIATE.MANIFEST
D:\VPES_GIT\GIT\VPES_AUTUMATION\MIRO_2010\DEBUG\MIRO.ILK
D:\VPES_GIT\GIT\VPES_AUTUMATION\MIRO_2010\DEBUG\MIRO.PDB
D:\VPES_GIT\git\VPES_Autumation\miro_2010\Debug\miro.vcxprojResolveAssemblyReference.cache
D:\VPES_GIT\git\VPES_Autumation\miro_2010\Debug\miro.write.1.tlog
D:\VPES_GIT\GIT\VPES_AUTUMATION\MIRO_2010\DEBUG\MIRO_FUN.OBJ
D:\VPES_GIT\GIT\VPES_AUTUMATION\MIRO_2010\DEBUG\MIRO_FUN2.OBJ
D:\VPES_GIT\git\VPES_Autumation\miro_2010\Debug\miro_manifest.rc
D:\VPES_GIT\git\VPES_Autumation\miro_2010\Debug\mt.command.1.tlog
D:\VPES_GIT\git\VPES_Autumation\miro_2010\Debug\mt.read.1.tlog
D:\VPES_GIT\git\VPES_Autumation\miro_2010\Debug\mt.write.1.tlog
D:\VPES_GIT\GIT\VPES_AUTUMATION\MIRO_2010\DEBUG\Q_S.OBJ
D:\VPES_GIT\GIT\VPES_AUTUMATION\MIRO_2010\DEBUG\QS_FUN.OBJ
D:\VPES_GIT\git\VPES_Autumation\miro_2010\Debug\rc.command.1.tlog
D:\VPES_GIT\git\VPES_Autumation\miro_2010\Debug\rc.read.1.tlog
D:\VPES_GIT\git\VPES_Autumation\miro_2010\Debug\rc.write.1.tlog
D:\VPES_GIT\git\VPES_Autumation\miro_2010\Debug\vc100.idb
D:\VPES_GIT\GIT\VPES_AUTUMATION\MIRO_2010\DEBUG\VC100.PDB
