[2022-06-08 오후 3:43:37] [INFO] SetEnvVariable - MSBUILD_EXE_PATH :C:\Program Files (x86)\Microsoft Visual Studio\2019\Professional\MSBuild\Current\Bin\MSBuild.exe
[2022-06-08 오후 3:43:37] [PROGRESS] 010
[2022-06-08 오후 3:43:37] [PROGRESS] 020
[2022-06-08 오후 3:43:37] [INFO] Open the solution file.
[2022-06-08 오후 3:43:39] [PROGRESS] 030
[2022-06-08 오후 3:43:39] [INFO] Open the project file(s).
[2022-06-08 오후 3:43:39] [INFO] Collecting the data.
[2022-06-08 오후 3:43:39] [PROGRESS] 040
[2022-06-08 오후 3:43:39] [INFO] Start Compile.

[2022-06-08 오후 3:43:39] [INFO] Project: Calculator
[2022-06-08 오후 3:43:40] [DEBUG] Set Configuration: Debug
[2022-06-08 오후 3:43:40] [DEBUG] Set Platform: AnyCpu
[2022-06-08 오후 3:43:41] [INFO] Compilation Finished
[2022-06-08 오후 3:43:41] [PROGRESS] 090
[2022-06-08 오후 3:43:41] [PROGRESS] 090
[2022-06-08 오후 3:43:41] [INFO] assemblyName / OutPutType - Calculator# / WinExe
[2022-06-08 오후 3:43:41] [INFO] extension - .exe
[2022-06-08 오후 3:43:41] [INFO] Project option - Calculator, |
[2022-06-08 오후 3:43:41] [INFO] OutputPath - D:\DIRECTORY\Calculator CSharp-master\bin\Debug\Calculator#.exe
[2022-06-08 오후 3:43:41] [INFO] Original Output Path: D:\DIRECTORY\Calculator CSharp-master\bin\Debug\Calculator#.exe
[2022-06-08 오후 3:43:41] [INFO] D:\DIRECTORY\Calculator CSharp-master\bin\Debug\Calculator#.exe is exist
[2022-06-08 오후 3:43:41] [INFO] Create .STATICCSHARP file.
[2022-06-08 오후 3:43:41] [PROGRESS] 100
[2022-06-08 오후 3:43:41] [INFO] Execution TIme: 00:00:03
