[INFO ] [main] Importing project.
[WARN ] [main] {"projectId":698,"name":"gradle","key":"GRADLE","favorite":false,"language":"JAVA","owners":[{"active":true,"email":"admin@static.io","id":1,"username":"admin"}],"projectStatus":"FINISHED","analysisProgress":100.0,"ruleSet":[6,1,7,3,4,5,2],"description":"","createdDate":1702610799096,"revisionDate":1702615962036,"ruleLanguage":"en_US"}
[INFO ] [main] Importing ruleSet.
[INFO ] [main] Importing analysis exclusion.
[INFO ] [main] Run Analysing.
[INFO ] [main] Start Analysis.
[INFO ] [main] JavaClasspath initialization
[INFO ] [main] JavaClasspath initialization (done) | time=11ms
[INFO ] [main] JavaTestClasspath initialization
[INFO ] [main] JavaTestClasspath initialization (done) | time=1ms
[INFO ] [main] Java Main Files AST scan
[INFO ] [main] 1 source files to be analyzed
[INFO ] [Report about progress of Java AST analyzer] 1/1 source files have been analyzed
[INFO ] [main] Java Main Files AST scan (done) | time=252ms
[INFO ] [main] Java Test Files AST scan
[INFO ] [main] 0 source files to be analyzed
[INFO ] [main] Java Test Files AST scan (done) | time=0ms
[INFO ] [Report about progress of Java AST analyzer] 0/0 source files have been analyzed
[INFO ] [main] Collecting File committer
[INFO ] [main] Creating defect file.
[INFO ] [main] Creating metric file.
[INFO ] [main] Finish Analysis.
