[INFO ] [main] Importing project.
[WARN ] [main] {"projectId":698,"name":"gradle","key":"GRADLE","favorite":false,"language":"JAVA","owners":[{"active":true,"email":"admin@static.io","id":1,"username":"admin"}],"projectStatus":"FINISHED","analysisProgress":100.0,"ruleSet":[5,2,1,6,4,7,3],"description":"","createdDate":1702610799096,"revisionDate":1702615962036,"ruleLanguage":"en_US"}
[INFO ] [main] Importing ruleSet.
[INFO ] [main] Importing analysis exclusion.
[INFO ] [main] Run Analysing.
[ERROR] [main] unexpected exception
java.lang.IllegalStateException: Unable to access STATICJAVA('D:\VPES_GIT\git\VPES_Autumation\gradle_sample\.STATICJAVA')
	at com.google.common.base.Preconditions.checkState(Preconditions.java:589)
	at com.codescroll.plugin.JavaPlugin.readStaticJava(JavaPlugin.java:132)
	at com.codescroll.plugin.JavaPlugin.execute(JavaPlugin.java:65)
	at com.codescroll.acp.AnalysisLauncher.run(AnalysisLauncher.java:72)
	at com.codescroll.acp.ClientMain.main(ClientMain.java:62)
	at sun.reflect.NativeMethodAccessorImpl.invoke0(Native Method)
	at sun.reflect.NativeMethodAccessorImpl.invoke(NativeMethodAccessorImpl.java:62)
	at sun.reflect.DelegatingMethodAccessorImpl.invoke(DelegatingMethodAccessorImpl.java:43)
	at java.lang.reflect.Method.invoke(Method.java:498)
	at org.springframework.boot.loader.MainMethodRunner.run(MainMethodRunner.java:48)
	at org.springframework.boot.loader.Launcher.launch(Launcher.java:87)
	at org.springframework.boot.loader.Launcher.launch(Launcher.java:51)
	at org.springframework.boot.loader.JarLauncher.main(JarLauncher.java:52)
[ERROR] [main] Unable to access STATICJAVA('D:\VPES_GIT\git\VPES_Autumation\gradle_sample\.STATICJAVA')
