(21928)(    1)ME: C:\Windows\system32\conhost.exe
(21928)(    1) + HOME: C:\Users\nryun\AppData\Local\Suresofttech\STATIC Toolbox\apps\STATIC Client for C, C++ v4.6.0\
(21928)(    1) + WORKING: D:\VPES_GIT\git\VPES_Autumation\miro_2010\.staticdata
(21928) + IGNORE: msbuild xxxxx // INTEREST: cl gcc cc g++ ar link ld xxx xc8 cpp cpstm8 castm8 clnk tricore-gcc tricore-g++ ctoa etoa ecomppc elxr
(21928)(    1) + Ignored EXENAME: conhost
(16800)(    2)ME: C:\Windows\system32\cmd.exe
(16800)(    2) + HOME: C:\Users\nryun\AppData\Local\Suresofttech\STATIC Toolbox\apps\STATIC Client for C, C++ v4.6.0\
(16800)(    2) + WORKING: D:\VPES_GIT\git\VPES_Autumation\miro_2010\.staticdata
(16800) + IGNORE: msbuild xxxxx // INTEREST: cl gcc cc g++ ar link ld xxx xc8 cpp cpstm8 castm8 clnk tricore-gcc tricore-g++ ctoa etoa ecomppc elxr
(16800)(    2) + Ignored EXENAME: cmd
(22456)(    3)ME: C:\Windows\system32\chcp.com
(22456)(    3) + HOME: C:\Users\nryun\AppData\Local\Suresofttech\STATIC Toolbox\apps\STATIC Client for C, C++ v4.6.0\
(22456)(    3) + WORKING: D:\VPES_GIT\git\VPES_Autumation\miro_2010\.staticdata
(22456) + IGNORE: msbuild xxxxx // INTEREST: cl gcc cc g++ ar link ld xxx xc8 cpp cpstm8 castm8 clnk tricore-gcc tricore-g++ ctoa etoa ecomppc elxr
(22456)(    3) + Ignored EXENAME: chcp
(15848)(    4)ME: C:\Windows\Microsoft.NET\Framework\v4.0.30319\MSBuild.exe
(15848)(    4) + HOME: C:\Users\nryun\AppData\Local\Suresofttech\STATIC Toolbox\apps\STATIC Client for C, C++ v4.6.0\
(15848)(    4) + WORKING: D:\VPES_GIT\git\VPES_Autumation\miro_2010\.staticdata
(15848) + IGNORE: msbuild xxxxx // INTEREST: cl gcc cc g++ ar link ld xxx xc8 cpp cpstm8 castm8 clnk tricore-gcc tricore-g++ ctoa etoa ecomppc elxr
(15848)(    4)ME: C:\Windows\Microsoft.NET\Framework\v4.0.30319\MSBuild.exe
(15848)(    4) + HOME: C:\Users\nryun\AppData\Local\Suresofttech\STATIC Toolbox\apps\STATIC Client for C, C++ v4.6.0\
(15848)(    4) + WORKING: D:\VPES_GIT\git\VPES_Autumation\miro_2010\.staticdata
(15848) + IGNORE: msbuild xxxxx // INTEREST: cl gcc cc g++ ar link ld xxx xc8 cpp cpstm8 castm8 clnk tricore-gcc tricore-g++ ctoa etoa ecomppc elxr
(12168)(    5)ME: C:\Windows\system32\conhost.exe
(12168)(    5) + HOME: C:\Users\nryun\AppData\Local\Suresofttech\STATIC Toolbox\apps\STATIC Client for C, C++ v4.6.0\
(12168)(    5) + WORKING: D:\VPES_GIT\git\VPES_Autumation\miro_2010\.staticdata
(12168) + IGNORE: msbuild xxxxx // INTEREST: cl gcc cc g++ ar link ld xxx xc8 cpp cpstm8 castm8 clnk tricore-gcc tricore-g++ ctoa etoa ecomppc elxr
(12168)(    5) + Ignored EXENAME: conhost
(22800)(    6)ME: C:\Program Files (x86)\Microsoft SDKs\Windows\v8.0A\bin\NETFX 4.0 Tools\Tracker.exe
(22800)(    6) + HOME: C:\Users\nryun\AppData\Local\Suresofttech\STATIC Toolbox\apps\STATIC Client for C, C++ v4.6.0\
(22800)(    6) + WORKING: D:\VPES_GIT\git\VPES_Autumation\miro_2010\.staticdata
(22800) + IGNORE: msbuild xxxxx // INTEREST: cl gcc cc g++ ar link ld xxx xc8 cpp cpstm8 castm8 clnk tricore-gcc tricore-g++ ctoa etoa ecomppc elxr
(22800)(    6) + Ignored EXENAME: tracker
( 5796)(    8)ME: c:\Program Files (x86)\Microsoft Visual Studio 10.0\Common7\ide\mspdbsrv.exe
( 5796)(    8) + HOME: C:\Users\nryun\AppData\Local\Suresofttech\STATIC Toolbox\apps\STATIC Client for C, C++ v4.6.0\
( 5796)(    8) + WORKING: D:\VPES_GIT\git\VPES_Autumation\miro_2010\.staticdata
( 5796) + IGNORE: msbuild xxxxx // INTEREST: cl gcc cc g++ ar link ld xxx xc8 cpp cpstm8 castm8 clnk tricore-gcc tricore-g++ ctoa etoa ecomppc elxr
( 5796)(    8) + Ignored EXENAME: mspdbsrv
( 4260)(    7)ME: c:\Program Files (x86)\Microsoft Visual Studio 10.0\VC\bin\CL.exe
( 4260)(    7) + HOME: C:\Users\nryun\AppData\Local\Suresofttech\STATIC Toolbox\apps\STATIC Client for C, C++ v4.6.0\
( 4260)(    7) + WORKING: D:\VPES_GIT\git\VPES_Autumation\miro_2010\.staticdata
( 4260) + IGNORE: msbuild xxxxx // INTEREST: cl gcc cc g++ ar link ld xxx xc8 cpp cpstm8 castm8 clnk tricore-gcc tricore-g++ ctoa etoa ecomppc elxr
( 4260)(    7)ME: c:\Program Files (x86)\Microsoft Visual Studio 10.0\VC\bin\CL.exe
( 4260)(    7) + HOME: C:\Users\nryun\AppData\Local\Suresofttech\STATIC Toolbox\apps\STATIC Client for C, C++ v4.6.0\
( 4260)(    7) + WORKING: D:\VPES_GIT\git\VPES_Autumation\miro_2010\.staticdata
( 4260) + IGNORE: msbuild xxxxx // INTEREST: cl gcc cc g++ ar link ld xxx xc8 cpp cpstm8 castm8 clnk tricore-gcc tricore-g++ ctoa etoa ecomppc elxr
(22800)(    6)ME: C:\Program Files (x86)\Microsoft SDKs\Windows\v8.0A\bin\NETFX 4.0 Tools\Tracker.exe
(22800)(    6) + HOME: C:\Users\nryun\AppData\Local\Suresofttech\STATIC Toolbox\apps\STATIC Client for C, C++ v4.6.0\
(22800)(    6) + WORKING: D:\VPES_GIT\git\VPES_Autumation\miro_2010\.staticdata
(22800) + IGNORE: msbuild xxxxx // INTEREST: cl gcc cc g++ ar link ld xxx xc8 cpp cpstm8 castm8 clnk tricore-gcc tricore-g++ ctoa etoa ecomppc elxr
(24504)(    9)ME: C:\Windows\system32\conhost.exe
(24504)(    9) + HOME: C:\Users\nryun\AppData\Local\Suresofttech\STATIC Toolbox\apps\STATIC Client for C, C++ v4.6.0\
(24504)(    9) + WORKING: D:\VPES_GIT\git\VPES_Autumation\miro_2010\.staticdata
(24504) + IGNORE: msbuild xxxxx // INTEREST: cl gcc cc g++ ar link ld xxx xc8 cpp cpstm8 castm8 clnk tricore-gcc tricore-g++ ctoa etoa ecomppc elxr
(24504)(    9) + Ignored EXENAME: conhost
(15812)(   10)ME: C:\Program Files (x86)\Microsoft SDKs\Windows\v8.0A\bin\NETFX 4.0 Tools\Tracker.exe
(15812)(   10) + HOME: C:\Users\nryun\AppData\Local\Suresofttech\STATIC Toolbox\apps\STATIC Client for C, C++ v4.6.0\
(15812)(   10) + WORKING: D:\VPES_GIT\git\VPES_Autumation\miro_2010\.staticdata
(15812) + IGNORE: msbuild xxxxx // INTEREST: cl gcc cc g++ ar link ld xxx xc8 cpp cpstm8 castm8 clnk tricore-gcc tricore-g++ ctoa etoa ecomppc elxr
(15812)(   10) + Ignored EXENAME: tracker
(15688)(   11)ME: c:\Program Files (x86)\Microsoft SDKs\Windows\v7.0A\bin\rc.exe
(15688)(   11) + HOME: C:\Users\nryun\AppData\Local\Suresofttech\STATIC Toolbox\apps\STATIC Client for C, C++ v4.6.0\
(15688)(   11) + WORKING: D:\VPES_GIT\git\VPES_Autumation\miro_2010\.staticdata
(15688) + IGNORE: msbuild xxxxx // INTEREST: cl gcc cc g++ ar link ld xxx xc8 cpp cpstm8 castm8 clnk tricore-gcc tricore-g++ ctoa etoa ecomppc elxr
(15688)(   11) + Ignored EXENAME: rc
(15688)(   11)ME: c:\Program Files (x86)\Microsoft SDKs\Windows\v7.0A\bin\rc.exe
(15688)(   11) + HOME: C:\Users\nryun\AppData\Local\Suresofttech\STATIC Toolbox\apps\STATIC Client for C, C++ v4.6.0\
(15688)(   11) + WORKING: D:\VPES_GIT\git\VPES_Autumation\miro_2010\.staticdata
(15688) + IGNORE: msbuild xxxxx // INTEREST: cl gcc cc g++ ar link ld xxx xc8 cpp cpstm8 castm8 clnk tricore-gcc tricore-g++ ctoa etoa ecomppc elxr
(15812)(   10)ME: C:\Program Files (x86)\Microsoft SDKs\Windows\v8.0A\bin\NETFX 4.0 Tools\Tracker.exe
(15812)(   10) + HOME: C:\Users\nryun\AppData\Local\Suresofttech\STATIC Toolbox\apps\STATIC Client for C, C++ v4.6.0\
(15812)(   10) + WORKING: D:\VPES_GIT\git\VPES_Autumation\miro_2010\.staticdata
(15812) + IGNORE: msbuild xxxxx // INTEREST: cl gcc cc g++ ar link ld xxx xc8 cpp cpstm8 castm8 clnk tricore-gcc tricore-g++ ctoa etoa ecomppc elxr
(23112)(   12)ME: C:\Windows\system32\conhost.exe
(23112)(   12) + HOME: C:\Users\nryun\AppData\Local\Suresofttech\STATIC Toolbox\apps\STATIC Client for C, C++ v4.6.0\
(23112)(   12) + WORKING: D:\VPES_GIT\git\VPES_Autumation\miro_2010\.staticdata
(23112) + IGNORE: msbuild xxxxx // INTEREST: cl gcc cc g++ ar link ld xxx xc8 cpp cpstm8 castm8 clnk tricore-gcc tricore-g++ ctoa etoa ecomppc elxr
(23112)(   12) + Ignored EXENAME: conhost
(25840)(   13)ME: C:\Program Files (x86)\Microsoft SDKs\Windows\v8.0A\bin\NETFX 4.0 Tools\Tracker.exe
(25840)(   13) + HOME: C:\Users\nryun\AppData\Local\Suresofttech\STATIC Toolbox\apps\STATIC Client for C, C++ v4.6.0\
(25840)(   13) + WORKING: D:\VPES_GIT\git\VPES_Autumation\miro_2010\.staticdata
(25840) + IGNORE: msbuild xxxxx // INTEREST: cl gcc cc g++ ar link ld xxx xc8 cpp cpstm8 castm8 clnk tricore-gcc tricore-g++ ctoa etoa ecomppc elxr
(25840)(   13) + Ignored EXENAME: tracker
(26208)(   15)ME: c:\Program Files (x86)\Microsoft Visual Studio 10.0\VC\bin\cvtres.exe
(26208)(   15) + HOME: C:\Users\nryun\AppData\Local\Suresofttech\STATIC Toolbox\apps\STATIC Client for C, C++ v4.6.0\
(26208)(   15) + WORKING: D:\VPES_GIT\git\VPES_Autumation\miro_2010\.staticdata
(26208) + IGNORE: msbuild xxxxx // INTEREST: cl gcc cc g++ ar link ld xxx xc8 cpp cpstm8 castm8 clnk tricore-gcc tricore-g++ ctoa etoa ecomppc elxr
(26208)(   15) + Ignored EXENAME: cvtres
(26208)(   15)ME: c:\Program Files (x86)\Microsoft Visual Studio 10.0\VC\bin\cvtres.exe
(26208)(   15) + HOME: C:\Users\nryun\AppData\Local\Suresofttech\STATIC Toolbox\apps\STATIC Client for C, C++ v4.6.0\
(26208)(   15) + WORKING: D:\VPES_GIT\git\VPES_Autumation\miro_2010\.staticdata
(26208) + IGNORE: msbuild xxxxx // INTEREST: cl gcc cc g++ ar link ld xxx xc8 cpp cpstm8 castm8 clnk tricore-gcc tricore-g++ ctoa etoa ecomppc elxr
(18724)(   14)ME: c:\Program Files (x86)\Microsoft Visual Studio 10.0\VC\bin\link.exe
(18724)(   14) + HOME: C:\Users\nryun\AppData\Local\Suresofttech\STATIC Toolbox\apps\STATIC Client for C, C++ v4.6.0\
(18724)(   14) + WORKING: D:\VPES_GIT\git\VPES_Autumation\miro_2010\.staticdata
(18724) + IGNORE: msbuild xxxxx // INTEREST: cl gcc cc g++ ar link ld xxx xc8 cpp cpstm8 castm8 clnk tricore-gcc tricore-g++ ctoa etoa ecomppc elxr
(18724)(   14)ME: c:\Program Files (x86)\Microsoft Visual Studio 10.0\VC\bin\link.exe
(18724)(   14) + HOME: C:\Users\nryun\AppData\Local\Suresofttech\STATIC Toolbox\apps\STATIC Client for C, C++ v4.6.0\
(18724)(   14) + WORKING: D:\VPES_GIT\git\VPES_Autumation\miro_2010\.staticdata
(18724) + IGNORE: msbuild xxxxx // INTEREST: cl gcc cc g++ ar link ld xxx xc8 cpp cpstm8 castm8 clnk tricore-gcc tricore-g++ ctoa etoa ecomppc elxr
(25840)(   13)ME: C:\Program Files (x86)\Microsoft SDKs\Windows\v8.0A\bin\NETFX 4.0 Tools\Tracker.exe
(25840)(   13) + HOME: C:\Users\nryun\AppData\Local\Suresofttech\STATIC Toolbox\apps\STATIC Client for C, C++ v4.6.0\
(25840)(   13) + WORKING: D:\VPES_GIT\git\VPES_Autumation\miro_2010\.staticdata
(25840) + IGNORE: msbuild xxxxx // INTEREST: cl gcc cc g++ ar link ld xxx xc8 cpp cpstm8 castm8 clnk tricore-gcc tricore-g++ ctoa etoa ecomppc elxr
(21776)(   16)ME: C:\Windows\system32\conhost.exe
(21776)(   16) + HOME: C:\Users\nryun\AppData\Local\Suresofttech\STATIC Toolbox\apps\STATIC Client for C, C++ v4.6.0\
(21776)(   16) + WORKING: D:\VPES_GIT\git\VPES_Autumation\miro_2010\.staticdata
(21776) + IGNORE: msbuild xxxxx // INTEREST: cl gcc cc g++ ar link ld xxx xc8 cpp cpstm8 castm8 clnk tricore-gcc tricore-g++ ctoa etoa ecomppc elxr
(21776)(   16) + Ignored EXENAME: conhost
(19328)(   17)ME: C:\Program Files (x86)\Microsoft SDKs\Windows\v8.0A\bin\NETFX 4.0 Tools\Tracker.exe
(19328)(   17) + HOME: C:\Users\nryun\AppData\Local\Suresofttech\STATIC Toolbox\apps\STATIC Client for C, C++ v4.6.0\
(19328)(   17) + WORKING: D:\VPES_GIT\git\VPES_Autumation\miro_2010\.staticdata
(19328) + IGNORE: msbuild xxxxx // INTEREST: cl gcc cc g++ ar link ld xxx xc8 cpp cpstm8 castm8 clnk tricore-gcc tricore-g++ ctoa etoa ecomppc elxr
(19328)(   17) + Ignored EXENAME: tracker
(12072)(   18)ME: c:\Program Files (x86)\Microsoft SDKs\Windows\v7.0A\bin\mt.exe
(12072)(   18) + HOME: C:\Users\nryun\AppData\Local\Suresofttech\STATIC Toolbox\apps\STATIC Client for C, C++ v4.6.0\
(12072)(   18) + WORKING: D:\VPES_GIT\git\VPES_Autumation\miro_2010\.staticdata
(12072) + IGNORE: msbuild xxxxx // INTEREST: cl gcc cc g++ ar link ld xxx xc8 cpp cpstm8 castm8 clnk tricore-gcc tricore-g++ ctoa etoa ecomppc elxr
(12072)(   18) + Ignored EXENAME: mt
(12072)(   18)ME: c:\Program Files (x86)\Microsoft SDKs\Windows\v7.0A\bin\mt.exe
(12072)(   18) + HOME: C:\Users\nryun\AppData\Local\Suresofttech\STATIC Toolbox\apps\STATIC Client for C, C++ v4.6.0\
(12072)(   18) + WORKING: D:\VPES_GIT\git\VPES_Autumation\miro_2010\.staticdata
(12072) + IGNORE: msbuild xxxxx // INTEREST: cl gcc cc g++ ar link ld xxx xc8 cpp cpstm8 castm8 clnk tricore-gcc tricore-g++ ctoa etoa ecomppc elxr
(19328)(   17)ME: C:\Program Files (x86)\Microsoft SDKs\Windows\v8.0A\bin\NETFX 4.0 Tools\Tracker.exe
(19328)(   17) + HOME: C:\Users\nryun\AppData\Local\Suresofttech\STATIC Toolbox\apps\STATIC Client for C, C++ v4.6.0\
(19328)(   17) + WORKING: D:\VPES_GIT\git\VPES_Autumation\miro_2010\.staticdata
(19328) + IGNORE: msbuild xxxxx // INTEREST: cl gcc cc g++ ar link ld xxx xc8 cpp cpstm8 castm8 clnk tricore-gcc tricore-g++ ctoa etoa ecomppc elxr
(25588)(   19)ME: C:\Windows\system32\conhost.exe
(25588)(   19) + HOME: C:\Users\nryun\AppData\Local\Suresofttech\STATIC Toolbox\apps\STATIC Client for C, C++ v4.6.0\
(25588)(   19) + WORKING: D:\VPES_GIT\git\VPES_Autumation\miro_2010\.staticdata
(25588) + IGNORE: msbuild xxxxx // INTEREST: cl gcc cc g++ ar link ld xxx xc8 cpp cpstm8 castm8 clnk tricore-gcc tricore-g++ ctoa etoa ecomppc elxr
(25588)(   19) + Ignored EXENAME: conhost
( 2524)(   20)ME: C:\Program Files (x86)\Microsoft SDKs\Windows\v8.0A\bin\NETFX 4.0 Tools\Tracker.exe
( 2524)(   20) + HOME: C:\Users\nryun\AppData\Local\Suresofttech\STATIC Toolbox\apps\STATIC Client for C, C++ v4.6.0\
( 2524)(   20) + WORKING: D:\VPES_GIT\git\VPES_Autumation\miro_2010\.staticdata
( 2524) + IGNORE: msbuild xxxxx // INTEREST: cl gcc cc g++ ar link ld xxx xc8 cpp cpstm8 castm8 clnk tricore-gcc tricore-g++ ctoa etoa ecomppc elxr
( 2524)(   20) + Ignored EXENAME: tracker
(11356)(   21)ME: c:\Program Files (x86)\Microsoft SDKs\Windows\v7.0A\bin\rc.exe
(11356)(   21) + HOME: C:\Users\nryun\AppData\Local\Suresofttech\STATIC Toolbox\apps\STATIC Client for C, C++ v4.6.0\
(11356)(   21) + WORKING: D:\VPES_GIT\git\VPES_Autumation\miro_2010\.staticdata
(11356) + IGNORE: msbuild xxxxx // INTEREST: cl gcc cc g++ ar link ld xxx xc8 cpp cpstm8 castm8 clnk tricore-gcc tricore-g++ ctoa etoa ecomppc elxr
(11356)(   21) + Ignored EXENAME: rc
(11356)(   21)ME: c:\Program Files (x86)\Microsoft SDKs\Windows\v7.0A\bin\rc.exe
(11356)(   21) + HOME: C:\Users\nryun\AppData\Local\Suresofttech\STATIC Toolbox\apps\STATIC Client for C, C++ v4.6.0\
(11356)(   21) + WORKING: D:\VPES_GIT\git\VPES_Autumation\miro_2010\.staticdata
(11356) + IGNORE: msbuild xxxxx // INTEREST: cl gcc cc g++ ar link ld xxx xc8 cpp cpstm8 castm8 clnk tricore-gcc tricore-g++ ctoa etoa ecomppc elxr
( 2524)(   20)ME: C:\Program Files (x86)\Microsoft SDKs\Windows\v8.0A\bin\NETFX 4.0 Tools\Tracker.exe
( 2524)(   20) + HOME: C:\Users\nryun\AppData\Local\Suresofttech\STATIC Toolbox\apps\STATIC Client for C, C++ v4.6.0\
( 2524)(   20) + WORKING: D:\VPES_GIT\git\VPES_Autumation\miro_2010\.staticdata
( 2524) + IGNORE: msbuild xxxxx // INTEREST: cl gcc cc g++ ar link ld xxx xc8 cpp cpstm8 castm8 clnk tricore-gcc tricore-g++ ctoa etoa ecomppc elxr
( 7140)(   22)ME: C:\Windows\system32\conhost.exe
( 7140)(   22) + HOME: C:\Users\nryun\AppData\Local\Suresofttech\STATIC Toolbox\apps\STATIC Client for C, C++ v4.6.0\
( 7140)(   22) + WORKING: D:\VPES_GIT\git\VPES_Autumation\miro_2010\.staticdata
( 7140) + IGNORE: msbuild xxxxx // INTEREST: cl gcc cc g++ ar link ld xxx xc8 cpp cpstm8 castm8 clnk tricore-gcc tricore-g++ ctoa etoa ecomppc elxr
( 7140)(   22) + Ignored EXENAME: conhost
(26120)(   23)ME: C:\Program Files (x86)\Microsoft SDKs\Windows\v8.0A\bin\NETFX 4.0 Tools\Tracker.exe
(26120)(   23) + HOME: C:\Users\nryun\AppData\Local\Suresofttech\STATIC Toolbox\apps\STATIC Client for C, C++ v4.6.0\
(26120)(   23) + WORKING: D:\VPES_GIT\git\VPES_Autumation\miro_2010\.staticdata
(26120) + IGNORE: msbuild xxxxx // INTEREST: cl gcc cc g++ ar link ld xxx xc8 cpp cpstm8 castm8 clnk tricore-gcc tricore-g++ ctoa etoa ecomppc elxr
(26120)(   23) + Ignored EXENAME: tracker
(24884)(   25)ME: c:\Program Files (x86)\Microsoft Visual Studio 10.0\VC\bin\cvtres.exe
(24884)(   25) + HOME: C:\Users\nryun\AppData\Local\Suresofttech\STATIC Toolbox\apps\STATIC Client for C, C++ v4.6.0\
(24884)(   25) + WORKING: D:\VPES_GIT\git\VPES_Autumation\miro_2010\.staticdata
(24884) + IGNORE: msbuild xxxxx // INTEREST: cl gcc cc g++ ar link ld xxx xc8 cpp cpstm8 castm8 clnk tricore-gcc tricore-g++ ctoa etoa ecomppc elxr
(24884)(   25) + Ignored EXENAME: cvtres
(24884)(   25)ME: c:\Program Files (x86)\Microsoft Visual Studio 10.0\VC\bin\cvtres.exe
(24884)(   25) + HOME: C:\Users\nryun\AppData\Local\Suresofttech\STATIC Toolbox\apps\STATIC Client for C, C++ v4.6.0\
(24884)(   25) + WORKING: D:\VPES_GIT\git\VPES_Autumation\miro_2010\.staticdata
(24884) + IGNORE: msbuild xxxxx // INTEREST: cl gcc cc g++ ar link ld xxx xc8 cpp cpstm8 castm8 clnk tricore-gcc tricore-g++ ctoa etoa ecomppc elxr
( 7964)(   27)ME: c:\Program Files (x86)\Microsoft Visual Studio 10.0\VC\bin\cvtres.exe
( 7964)(   27) + HOME: C:\Users\nryun\AppData\Local\Suresofttech\STATIC Toolbox\apps\STATIC Client for C, C++ v4.6.0\
( 7964)(   27) + WORKING: D:\VPES_GIT\git\VPES_Autumation\miro_2010\.staticdata
( 7964) + IGNORE: msbuild xxxxx // INTEREST: cl gcc cc g++ ar link ld xxx xc8 cpp cpstm8 castm8 clnk tricore-gcc tricore-g++ ctoa etoa ecomppc elxr
( 7964)(   27) + Ignored EXENAME: cvtres
( 7964)(   27)ME: c:\Program Files (x86)\Microsoft Visual Studio 10.0\VC\bin\cvtres.exe
( 7964)(   27) + HOME: C:\Users\nryun\AppData\Local\Suresofttech\STATIC Toolbox\apps\STATIC Client for C, C++ v4.6.0\
( 7964)(   27) + WORKING: D:\VPES_GIT\git\VPES_Autumation\miro_2010\.staticdata
( 7964) + IGNORE: msbuild xxxxx // INTEREST: cl gcc cc g++ ar link ld xxx xc8 cpp cpstm8 castm8 clnk tricore-gcc tricore-g++ ctoa etoa ecomppc elxr
(23360)(   26)ME: c:\Program Files (x86)\Microsoft Visual Studio 10.0\VC\bin\link.exe
(23360)(   26) + HOME: C:\Users\nryun\AppData\Local\Suresofttech\STATIC Toolbox\apps\STATIC Client for C, C++ v4.6.0\
(23360)(   26) + WORKING: D:\VPES_GIT\git\VPES_Autumation\miro_2010\.staticdata
(23360) + IGNORE: msbuild xxxxx // INTEREST: cl gcc cc g++ ar link ld xxx xc8 cpp cpstm8 castm8 clnk tricore-gcc tricore-g++ ctoa etoa ecomppc elxr
(23360)(   26)ME: c:\Program Files (x86)\Microsoft Visual Studio 10.0\VC\bin\link.exe
(23360)(   26) + HOME: C:\Users\nryun\AppData\Local\Suresofttech\STATIC Toolbox\apps\STATIC Client for C, C++ v4.6.0\
(23360)(   26) + WORKING: D:\VPES_GIT\git\VPES_Autumation\miro_2010\.staticdata
(23360) + IGNORE: msbuild xxxxx // INTEREST: cl gcc cc g++ ar link ld xxx xc8 cpp cpstm8 castm8 clnk tricore-gcc tricore-g++ ctoa etoa ecomppc elxr
( 6492)(   24)ME: c:\Program Files (x86)\Microsoft Visual Studio 10.0\VC\bin\link.exe
( 6492)(   24) + HOME: C:\Users\nryun\AppData\Local\Suresofttech\STATIC Toolbox\apps\STATIC Client for C, C++ v4.6.0\
( 6492)(   24) + WORKING: D:\VPES_GIT\git\VPES_Autumation\miro_2010\.staticdata
( 6492) + IGNORE: msbuild xxxxx // INTEREST: cl gcc cc g++ ar link ld xxx xc8 cpp cpstm8 castm8 clnk tricore-gcc tricore-g++ ctoa etoa ecomppc elxr
( 6492)(   24)ME: c:\Program Files (x86)\Microsoft Visual Studio 10.0\VC\bin\link.exe
( 6492)(   24) + HOME: C:\Users\nryun\AppData\Local\Suresofttech\STATIC Toolbox\apps\STATIC Client for C, C++ v4.6.0\
( 6492)(   24) + WORKING: D:\VPES_GIT\git\VPES_Autumation\miro_2010\.staticdata
( 6492) + IGNORE: msbuild xxxxx // INTEREST: cl gcc cc g++ ar link ld xxx xc8 cpp cpstm8 castm8 clnk tricore-gcc tricore-g++ ctoa etoa ecomppc elxr
(26120)(   23)ME: C:\Program Files (x86)\Microsoft SDKs\Windows\v8.0A\bin\NETFX 4.0 Tools\Tracker.exe
(26120)(   23) + HOME: C:\Users\nryun\AppData\Local\Suresofttech\STATIC Toolbox\apps\STATIC Client for C, C++ v4.6.0\
(26120)(   23) + WORKING: D:\VPES_GIT\git\VPES_Autumation\miro_2010\.staticdata
(26120) + IGNORE: msbuild xxxxx // INTEREST: cl gcc cc g++ ar link ld xxx xc8 cpp cpstm8 castm8 clnk tricore-gcc tricore-g++ ctoa etoa ecomppc elxr
(  296)(   28)ME: C:\Windows\system32\chcp.com
(  296)(   28) + HOME: C:\Users\nryun\AppData\Local\Suresofttech\STATIC Toolbox\apps\STATIC Client for C, C++ v4.6.0\
(  296)(   28) + WORKING: D:\VPES_GIT\git\VPES_Autumation\miro_2010\.staticdata
(  296) + IGNORE: msbuild xxxxx // INTEREST: cl gcc cc g++ ar link ld xxx xc8 cpp cpstm8 castm8 clnk tricore-gcc tricore-g++ ctoa etoa ecomppc elxr
(  296)(   28) + Ignored EXENAME: chcp
( 5796)(    8)ME: c:\Program Files (x86)\Microsoft Visual Studio 10.0\Common7\ide\mspdbsrv.exe
( 5796)(    8) + HOME: C:\Users\nryun\AppData\Local\Suresofttech\STATIC Toolbox\apps\STATIC Client for C, C++ v4.6.0\
( 5796)(    8) + WORKING: D:\VPES_GIT\git\VPES_Autumation\miro_2010\.staticdata
( 5796) + IGNORE: msbuild xxxxx // INTEREST: cl gcc cc g++ ar link ld xxx xc8 cpp cpstm8 castm8 clnk tricore-gcc tricore-g++ ctoa etoa ecomppc elxr
