==================================================================
2023/09/11_08:25:21:559
processName:conhost
PID:  21928
PPID: 16800
csID: 1
==================================================================
==================================================================
2023/09/11_08:25:21:582
processName:cmd
PID:  16800
PPID: 1888
csID: 2
==================================================================
==================================================================
2023/09/11_08:25:21:608
processName:chcp
PID:  22456
PPID: 16800
csID: 3
==================================================================
==================================================================
2023/09/11_08:25:21:678
processName:MSBuild
PID:  15848
PPID: 16800
csID: 4
==================================================================
==================================================================
2023/09/11_08:25:22:265
processName:conhost
PID:  12168
PPID: 22800
csID: 5
==================================================================
==================================================================
2023/09/11_08:25:22:286
processName:Tracker
PID:  22800
PPID: 15848
csID: 6
==================================================================
==================================================================
2023/09/11_08:25:22:313
processName:CL
PID:  4260
PPID: 22800
csID: 7
==================================================================
==================================================================
2023/09/11_08:25:22:351
processName:mspdbsrv
PID:  5796
PPID: 4260
csID: 8
==================================================================
==================================================================
2023/09/11_08:25:22:763
processName:conhost
PID:  24504
PPID: 15812
csID: 9
==================================================================
==================================================================
2023/09/11_08:25:22:784
processName:Tracker
PID:  15812
PPID: 15848
csID: 10
==================================================================
==================================================================
2023/09/11_08:25:22:811
processName:rc
PID:  15688
PPID: 15812
csID: 11
==================================================================
==================================================================
2023/09/11_08:25:22:868
processName:conhost
PID:  23112
PPID: 25840
csID: 12
==================================================================
==================================================================
2023/09/11_08:25:22:890
processName:Tracker
PID:  25840
PPID: 15848
csID: 13
==================================================================
==================================================================
2023/09/11_08:25:22:916
processName:link
PID:  18724
PPID: 25840
csID: 14
==================================================================
==================================================================
2023/09/11_08:25:22:956
processName:cvtres
PID:  26208
PPID: 18724
csID: 15
==================================================================
==================================================================
2023/09/11_08:25:23:145
processName:conhost
PID:  21776
PPID: 19328
csID: 16
==================================================================
==================================================================
2023/09/11_08:25:23:166
processName:Tracker
PID:  19328
PPID: 15848
csID: 17
==================================================================
==================================================================
2023/09/11_08:25:23:193
processName:mt
PID:  12072
PPID: 19328
csID: 18
==================================================================
==================================================================
2023/09/11_08:25:23:240
processName:conhost
PID:  25588
PPID: 2524
csID: 19
==================================================================
==================================================================
2023/09/11_08:25:23:261
processName:Tracker
PID:  2524
PPID: 15848
csID: 20
==================================================================
==================================================================
2023/09/11_08:25:23:287
processName:rc
PID:  11356
PPID: 2524
csID: 21
==================================================================
==================================================================
2023/09/11_08:25:23:334
processName:conhost
PID:  7140
PPID: 26120
csID: 22
==================================================================
==================================================================
2023/09/11_08:25:23:356
processName:Tracker
PID:  26120
PPID: 15848
csID: 23
==================================================================
==================================================================
2023/09/11_08:25:23:381
processName:link
PID:  6492
PPID: 26120
csID: 24
==================================================================
==================================================================
2023/09/11_08:25:23:415
processName:cvtres
PID:  24884
PPID: 6492
csID: 25
==================================================================
==================================================================
2023/09/11_08:25:23:453
processName:link
PID:  23360
PPID: 6492
csID: 26
==================================================================
==================================================================
2023/09/11_08:25:23:490
processName:cvtres
PID:  7964
PPID: 23360
csID: 27
==================================================================
==================================================================
2023/09/11_08:25:23:688
processName:chcp
PID:  296
PPID: 16800
csID: 28
==================================================================
