f:\rcptt\ct_rcptt\rt_samplecode\c++\visualstudio\cube\cube_2015\release\cube.pch
f:\rcptt\ct_rcptt\rt_samplecode\c++\visualstudio\cube\cube_2015\release\vc140.pdb
f:\rcptt\ct_rcptt\rt_samplecode\c++\visualstudio\cube\cube_2015\release\stdafx.obj
f:\rcptt\ct_rcptt\rt_samplecode\c++\visualstudio\cube\cube_2015\release\mainfrm.obj
f:\rcptt\ct_rcptt\rt_samplecode\c++\visualstudio\cube\cube_2015\release\cubeview.obj
f:\rcptt\ct_rcptt\rt_samplecode\c++\visualstudio\cube\cube_2015\release\cubedoc.obj
f:\rcptt\ct_rcptt\rt_samplecode\c++\visualstudio\cube\cube_2015\release\cube.obj
f:\rcptt\ct_rcptt\rt_samplecode\c++\visualstudio\cube\cube_2015\release\cube.exe
f:\rcptt\ct_rcptt\rt_samplecode\c++\visualstudio\cube\cube_2015\release\cube.pdb
f:\rcptt\ct_rcptt\rt_samplecode\c++\visualstudio\cube\cube_2015\release\cube.res
f:\rcptt\ct_rcptt\rt_samplecode\c++\visualstudio\cube\cube_2015\.\release\cube.exe
f:\rcptt\ct_rcptt\rt_samplecode\c++\visualstudio\cube\cube_2015\release\cube.tlog\cl.command.1.tlog
f:\rcptt\ct_rcptt\rt_samplecode\c++\visualstudio\cube\cube_2015\release\cube.tlog\cl.read.1.tlog
f:\rcptt\ct_rcptt\rt_samplecode\c++\visualstudio\cube\cube_2015\release\cube.tlog\cl.write.1.tlog
f:\rcptt\ct_rcptt\rt_samplecode\c++\visualstudio\cube\cube_2015\release\cube.tlog\link.command.1.tlog
f:\rcptt\ct_rcptt\rt_samplecode\c++\visualstudio\cube\cube_2015\release\cube.tlog\link.read.1.tlog
f:\rcptt\ct_rcptt\rt_samplecode\c++\visualstudio\cube\cube_2015\release\cube.tlog\link.write.1.tlog
f:\rcptt\ct_rcptt\rt_samplecode\c++\visualstudio\cube\cube_2015\release\cube.tlog\rc.command.1.tlog
f:\rcptt\ct_rcptt\rt_samplecode\c++\visualstudio\cube\cube_2015\release\cube.tlog\rc.read.1.tlog
f:\rcptt\ct_rcptt\rt_samplecode\c++\visualstudio\cube\cube_2015\release\cube.tlog\rc.write.1.tlog
