==================================================================
2024/10/29_08:55:55:303
processName:mspdbsrv
PID:  24052
PPID: 900
csID: 1
==================================================================
==================================================================
2024/10/29_08:55:55:591
processName:conhost
PID:  36008
PPID: 12160
csID: 2
==================================================================
==================================================================
2024/10/29_08:55:55:622
processName:cmd
PID:  12160
PPID: 29296
csID: 3
==================================================================
==================================================================
2024/10/29_08:55:55:658
processName:chcp
PID:  13864
PPID: 12160
csID: 4
==================================================================
==================================================================
2024/10/29_08:55:55:737
processName:MSBuild
PID:  18272
PPID: 12160
csID: 5
==================================================================
==================================================================
2024/10/29_08:55:56:306
processName:conhost
PID:  14264
PPID: 31596
csID: 6
==================================================================
==================================================================
2024/10/29_08:55:56:334
processName:Tracker
PID:  31596
PPID: 18272
csID: 7
==================================================================
==================================================================
2024/10/29_08:55:56:367
processName:CL
PID:  30132
PPID: 31596
csID: 8
==================================================================
==================================================================
2024/10/29_08:55:56:464
processName:VCTIP
PID:  30500
PPID: 30132
csID: 9
==================================================================
==================================================================
2024/10/29_08:55:56:814
processName:conhost
PID:  37092
PPID: 16660
csID: 10
==================================================================
==================================================================
2024/10/29_08:55:56:840
processName:Tracker
PID:  16660
PPID: 18272
csID: 11
==================================================================
==================================================================
2024/10/29_08:55:56:872
processName:link
PID:  20772
PPID: 16660
csID: 12
==================================================================
==================================================================
2024/10/29_08:55:56:927
processName:rc
PID:  14940
PPID: 20772
csID: 13
==================================================================
==================================================================
2024/10/29_08:55:56:969
processName:cvtres
PID:  28872
PPID: 20772
csID: 14
==================================================================
==================================================================
2024/10/29_08:55:57:122
processName:chcp
PID:  37188
PPID: 12160
csID: 15
==================================================================
