==================================================================
2024/10/29_08:53:55:272
processName:conhost
PID:  15100
PPID: 35004
csID: 1
==================================================================
==================================================================
2024/10/29_08:53:55:303
processName:cmd
PID:  35004
PPID: 12220
csID: 2
==================================================================
==================================================================
2024/10/29_08:53:55:340
processName:chcp
PID:  34744
PPID: 35004
csID: 3
==================================================================
==================================================================
2024/10/29_08:53:55:423
processName:MSBuild
PID:  35876
PPID: 35004
csID: 4
==================================================================
==================================================================
2024/10/29_08:53:56:23
processName:conhost
PID:  3836
PPID: 30956
csID: 5
==================================================================
==================================================================
2024/10/29_08:53:56:54
processName:Tracker
PID:  30956
PPID: 35876
csID: 6
==================================================================
==================================================================
2024/10/29_08:53:56:92
processName:CL
PID:  37244
PPID: 30956
csID: 7
==================================================================
==================================================================
2024/10/29_08:53:56:218
processName:VCTIP
PID:  37412
PPID: 37244
csID: 8
==================================================================
==================================================================
2024/10/29_08:53:56:636
processName:conhost
PID:  38776
PPID: 25492
csID: 9
==================================================================
==================================================================
2024/10/29_08:53:56:669
processName:Tracker
PID:  25492
PPID: 35876
csID: 10
==================================================================
==================================================================
2024/10/29_08:53:56:707
processName:link
PID:  900
PPID: 25492
csID: 11
==================================================================
==================================================================
2024/10/29_08:53:56:770
processName:rc
PID:  29352
PPID: 900
csID: 12
==================================================================
==================================================================
2024/10/29_08:53:56:816
processName:cvtres
PID:  28524
PPID: 900
csID: 13
==================================================================
==================================================================
2024/10/29_08:53:56:868
processName:mspdbsrv
PID:  24052
PPID: 900
csID: 14
==================================================================
==================================================================
2024/10/29_08:53:57:248
processName:chcp
PID:  35388
PPID: 35004
csID: 15
==================================================================
