[2022-06-10 오전 11:24:49] [PROGRESS] 010
[2022-06-10 오전 11:24:49] [INFO] - Solution file: D:\DIRECTORY\Calculator CSharp-master\Calculator.sln
[2022-06-10 오전 11:24:49] [INFO] - Output path  : D:\DIRECTORY\Calculator CSharp-master\.static\CSQQQQQ

[2022-06-10 오전 11:24:49] [PROGRESS] 020
[2022-06-10 오전 11:24:49] [INFO] Open the solution file.
[2022-06-10 오전 11:24:51] [INFO] Initialize data.
[2022-06-10 오전 11:24:51] [PROGRESS] 030
[2022-06-10 오전 11:24:51] [INFO] Start calculating metrics.
[2022-06-10 오전 11:24:51] [PROGRESS] 040
[2022-06-10 오전 11:24:51] [INFO] Start collecting information of the called function(s)
[2022-06-10 오전 11:24:53] [DEBUG] The execution time of collecting called func: 1437ms
[2022-06-10 오전 11:24:53] [PROGRESS] 055
[2022-06-10 오전 11:24:53] [DEBUG] The execution time of collecting total metric: 46ms
[2022-06-10 오전 11:24:53] [DEBUG] Set timeout as 180000 milliseconds
[2022-06-10 오전 11:24:53] [INFO] [1/1] Calculator
[2022-06-10 오전 11:24:53] [DEBUG] Checking module name...
[2022-06-10 오전 11:24:53] [DEBUG] Module name : Calculator
[2022-06-10 오전 11:24:53] [DEBUG] Calculating for 10 files...
[2022-06-10 오전 11:24:53] [DEBUG] The execution time of collecting file metric: 20ms
[2022-06-10 오전 11:24:53] [DEBUG] The execution time: 107ms
[2022-06-10 오전 11:24:53] [PROGRESS] 095
[2022-06-10 오전 11:24:53] [DEBUG] WORK_DIAG_Failure: D:\DIRECTORY\Calculator CSharp-master\Calculator.csproj' 파일 처리 시 Msbuild에서 실패했습니다. 메시지: C:\Program Files (x86)\Microsoft Visual Studio\2019\Professional\MSBuild\Current\Bin\amd64\Microsoft.Common.CurrentVersion.targets: (2203, 5): Could not read state file "obj\Debug\Calculator.csproj.AssemblyReference.cache". 입력 스트림이 올바른 이진 형식이 아닙니다. 시작 콘텐츠(바이트): 4D-42-52-53-43-01-01-0B-00-00-00-01-61-43-3A-5C-50 ...
[2022-06-10 오전 11:24:53] [PROGRESS] 100
[2022-06-10 오전 11:24:53] [INFO] Execution Time: 00:00:03
