[INFO ] [main] Importing project.
[INFO ] [main] Importing ruleSet.
[INFO ] [main] Importing analysis exclusion.
[INFO ] [main] Creating new revision.
[INFO ] [main] ----------------------SolutionBuilder----------------------
[INFO ] [main] Execute [cmd,/c,chcp,65001,&,cmd,/c,",C:\Users\nryun\AppData\Local\Suresofttech\STATIC Toolbox\apps\STATIC Client for C# v1.3.0\SolutionBuilder\SolutionBuilder.exe,-s,Calculator.sln,-o,D:\DIRECTORY\Calculator CSharp-master\.static\CSTEST,-c,D:\DIRECTORY\Calculator CSharp-master\.static\CSTEST\sb_option.json,"]
[INFO ] [SolutionBuilder] Active code page: 65001
[INFO ] [SolutionBuilder] [INFO] *******************************
[INFO ] [SolutionBuilder] [INFO] SolutionBuilder 1.2.0.1
[INFO ] [SolutionBuilder] [INFO] *******************************
[INFO ] [SolutionBuilder] [INFO] Parsing the arguments.
[INFO ] [SolutionBuilder] [INFO] - Solution file: D:\DIRECTORY\Calculator CSharp-master\Calculator.sln
[INFO ] [SolutionBuilder] [INFO] - Output path  : D:\DIRECTORY\Calculator CSharp-master\.static\CSTEST
[INFO ] [SolutionBuilder] [INFO] - Config path  : D:\DIRECTORY\Calculator CSharp-master\.static\CSTEST\sb_option.json
[INFO ] [SolutionBuilder] 
[INFO ] [SolutionBuilder] [INFO] SetEnvVariable - MSBUILD_EXE_PATH :C:\Program Files (x86)\Microsoft Visual Studio\2019\Professional\MSBuild\Current\Bin\MSBuild.exe
[INFO ] [SolutionBuilder] [INFO] Open the solution file.
[INFO ] [SolutionBuilder] [INFO] Open the project file(s).
[INFO ] [SolutionBuilder] [INFO] Collecting the data.
[INFO ] [SolutionBuilder] [INFO] Start Compile.
[INFO ] [SolutionBuilder] 
[INFO ] [SolutionBuilder] [INFO] Project: Calculator
[INFO ] [SolutionBuilder] 
[INFO ] [SolutionBuilder] [INFO] Compilation Finished
[INFO ] [SolutionBuilder] [INFO] assemblyName / OutPutType - Calculator# / WinExe
[INFO ] [SolutionBuilder] [INFO] extension - .exe
[INFO ] [SolutionBuilder] [INFO] Project option - Calculator, |
[INFO ] [SolutionBuilder] [INFO] OutputPath - D:\DIRECTORY\Calculator CSharp-master\bin\Debug\Calculator#.exe
[INFO ] [SolutionBuilder] [INFO] Original Output Path: D:\DIRECTORY\Calculator CSharp-master\bin\Debug\Calculator#.exe
[INFO ] [SolutionBuilder] [INFO] D:\DIRECTORY\Calculator CSharp-master\bin\Debug\Calculator#.exe is exist
[INFO ] [SolutionBuilder] [INFO] Create .STATICCSHARP file.
[INFO ] [SolutionBuilder] [INFO] Execution TIme: 00:00:04
[INFO ] [main] Start Analysis.
[INFO ] [main] Updating revision.: PENDING
[INFO ] [main] Updating revision.: ANALYZING
[INFO ] [main] -----------------------FxCopExecutor-----------------------
[INFO ] [main] Execute [cmd,/c,chcp,65001,&,cmd,/c,",C:\Program Files (x86)\Microsoft Visual Studio\2019\Professional\Team Tools\Static Analysis Tools\FxCop\FxCopCmd.exe,/file:D:\DIRECTORY\Calculator CSharp-master\.static\CSTEST\Compile\Calculator#\net452\Calculator#.exe,/out:D:\DIRECTORY\Calculator CSharp-master\.static\CSTEST\1668415577016.fxcop.xml,/ruleset:-D:\DIRECTORY\Calculator CSharp-master\.static\CSTEST\all.ruleset,/ruleset:+D:\DIRECTORY\Calculator CSharp-master\.static\CSTEST\active.ruleset,/gac,"]
[INFO ] [FxCopExecutor] Active code page: 65001
[INFO ] [FxCopExecutor] Microsoft (R) FxCop 명령줄 도구, 버전 16.0(16.0.32413.511) X86
[INFO ] [FxCopExecutor] Copyright (C) Microsoft Corporation, All Rights Reserved.
[INFO ] [FxCopExecutor] 
[INFO ] [FxCopExecutor] dataflowrules.dll을(를) 로드했습니다...
[INFO ] [FxCopExecutor] designrules.dll을(를) 로드했습니다...
[INFO ] [FxCopExecutor] globalizationrules.dll을(를) 로드했습니다...
[INFO ] [FxCopExecutor] interoperabilityrules.dll을(를) 로드했습니다...
[INFO ] [FxCopExecutor] maintainabilityrules.dll을(를) 로드했습니다...
[INFO ] [FxCopExecutor] mobilityrules.dll을(를) 로드했습니다...
[INFO ] [FxCopExecutor] namingrules.dll을(를) 로드했습니다...
[INFO ] [FxCopExecutor] performancerules.dll을(를) 로드했습니다...
[INFO ] [FxCopExecutor] portabilityrules.dll을(를) 로드했습니다...
[INFO ] [FxCopExecutor] reliabilityrules.dll을(를) 로드했습니다...
[INFO ] [FxCopExecutor] securityrules.dll을(를) 로드했습니다...
[INFO ] [FxCopExecutor] securitytransparencyrules.dll을(를) 로드했습니다...
[INFO ] [FxCopExecutor] usagerules.dll을(를) 로드했습니다...
[INFO ] [FxCopExecutor] Calculator#.exe을(를) 로드했습니다...
[INFO ] [FxCopExecutor] Introspection 엔진을 초기화하고 있습니다...
[INFO ] [FxCopExecutor] 분석하고 있습니다...
[INFO ] [FxCopExecutor] 분석 완료.
[INFO ] [FxCopExecutor] 227 메시지를 쓰고 있습니다...
[INFO ] [FxCopExecutor] D:\DIRECTORY\Calculator CSharp-master\.static\CSTEST\1668415577016.fxcop.xml에 보고서를 쓰고 있습니다...
[INFO ] [FxCopExecutor] 완료:00:00:00.8879433
[INFO ] [main] ----------------------StyleCopExecutor----------------------
[INFO ] [main] Execute [cmd,/c,chcp,65001,&,cmd,/c,",C:\Users\nryun\AppData\Local\Suresofttech\STATIC Toolbox\apps\STATIC Client for C# v1.3.0\StyleCopCmd\StyleCopCmd.exe,/file:Calculator.sln,/out:D:\DIRECTORY\Calculator CSharp-master\.static\CSTEST\1668415578244.stylecop.json,/rules:D:\DIRECTORY\Calculator CSharp-master\.static\CSTEST\active_rules.json,/config:D:\DIRECTORY\Calculator CSharp-master\.static\CSTEST\sb_option.json,"]
[INFO ] [StyleCopExecutor] Active code page: 65001
[INFO ] [StyleCopExecutor] [INFO] *******************************
[INFO ] [StyleCopExecutor] [INFO] StyleCopCmd 1.2.0.0
[INFO ] [StyleCopExecutor] [INFO] *******************************
[INFO ] [StyleCopExecutor] [INFO] Parsing the arguments.
[INFO ] [StyleCopExecutor] [INFO] Solution file: Calculator.sln
[INFO ] [StyleCopExecutor] [INFO] Output path  : D:\DIRECTORY\Calculator CSharp-master\.static\CSTEST\1668415578244.stylecop.json
[INFO ] [StyleCopExecutor] [INFO] Loaded Calculator.sln in 1981ms
[INFO ] [StyleCopExecutor] [INFO] Start Analysis
[INFO ] [StyleCopExecutor] [INFO] Finish Analysis
[INFO ] [StyleCopExecutor] [INFO] SA1000: 4 instances
[INFO ] [StyleCopExecutor] [INFO] SA1001: 2 instances
[INFO ] [StyleCopExecutor] [INFO] SA1002: 1 instances
[INFO ] [StyleCopExecutor] [INFO] SA1003: 9 instances
[INFO ] [StyleCopExecutor] [INFO] SA1005: 133 instances
[INFO ] [StyleCopExecutor] [INFO] SA1009: 3 instances
[INFO ] [StyleCopExecutor] [INFO] SA1025: 1 instances
[INFO ] [StyleCopExecutor] [INFO] SA1028: 12 instances
[INFO ] [StyleCopExecutor] [INFO] SA1101: 186 instances
[INFO ] [StyleCopExecutor] [INFO] SA1106: 1 instances
[INFO ] [StyleCopExecutor] [INFO] SA1107: 1 instances
[INFO ] [StyleCopExecutor] [INFO] SA1108: 12 instances
[INFO ] [StyleCopExecutor] [INFO] SA1119: 2 instances
[INFO ] [StyleCopExecutor] [INFO] SA1121: 24 instances
[INFO ] [StyleCopExecutor] [INFO] SA1122: 65 instances
[INFO ] [StyleCopExecutor] [INFO] SA1124: 1 instances
[INFO ] [StyleCopExecutor] [INFO] SA1131: 1 instances
[INFO ] [StyleCopExecutor] [INFO] SA1200: 28 instances
[INFO ] [StyleCopExecutor] [INFO] SA1201: 1 instances
[INFO ] [StyleCopExecutor] [INFO] SA1202: 5 instances
[INFO ] [StyleCopExecutor] [INFO] SA1204: 1 instances
[INFO ] [StyleCopExecutor] [INFO] SA1205: 1 instances
[INFO ] [StyleCopExecutor] [INFO] SA1208: 2 instances
[INFO ] [StyleCopExecutor] [INFO] SA1210: 3 instances
[INFO ] [StyleCopExecutor] [INFO] SA1300: 67 instances
[INFO ] [StyleCopExecutor] [INFO] SA1307: 7 instances
[INFO ] [StyleCopExecutor] [INFO] SA1308: 14 instances
[INFO ] [StyleCopExecutor] [INFO] SA1400: 2 instances
[INFO ] [StyleCopExecutor] [INFO] SA1401: 7 instances
[INFO ] [StyleCopExecutor] [INFO] SA1402: 4 instances
[INFO ] [StyleCopExecutor] [INFO] SA1407: 1 instances
[INFO ] [StyleCopExecutor] [INFO] SA1500: 10 instances
[INFO ] [StyleCopExecutor] [INFO] SA1503: 18 instances
[INFO ] [StyleCopExecutor] [INFO] SA1505: 4 instances
[INFO ] [StyleCopExecutor] [INFO] SA1507: 1 instances
[INFO ] [StyleCopExecutor] [INFO] SA1508: 9 instances
[INFO ] [StyleCopExecutor] [INFO] SA1512: 2 instances
[INFO ] [StyleCopExecutor] [INFO] SA1513: 115 instances
[INFO ] [StyleCopExecutor] [INFO] SA1515: 40 instances
[INFO ] [StyleCopExecutor] [INFO] SA1516: 32 instances
[INFO ] [StyleCopExecutor] [INFO] SA1600: 66 instances
[INFO ] [StyleCopExecutor] [INFO] SA1601: 2 instances
[INFO ] [StyleCopExecutor] [INFO] SA1633: 6 instances
[INFO ] [StyleCopExecutor] [INFO] SA1649: 1 instances
[INFO ] [StyleCopExecutor] [INFO] Found 907 diagnostics in 1634ms
[INFO ] [StyleCopExecutor] [INFO] Write diagnostics to output file
[INFO ] [StyleCopExecutor] [INFO] Execution Time: 00:00:03
[INFO ] [main] ----------------------MetricCalculator----------------------
[INFO ] [main] Execute [cmd,/c,chcp,65001,&,cmd,/c,",C:\Users\nryun\AppData\Local\Suresofttech\STATIC Toolbox\apps\STATIC Client for C# v1.3.0\MetricCalculator\MetricCalculator.exe,-s,Calculator.sln,-e,D:\DIRECTORY\Calculator CSharp-master\.static\CSTEST\.excluded,-o,D:\DIRECTORY\Calculator CSharp-master\.static\CSTEST,-c,D:\DIRECTORY\Calculator CSharp-master\.static\CSTEST\sb_option.json,"]
[INFO ] [MetricCalculator] Active code page: 65001
[INFO ] [MetricCalculator] [INFO] *******************************
[INFO ] [MetricCalculator] [INFO] MetricCalculator 1.2.0.0
[INFO ] [MetricCalculator] [INFO] *******************************
[INFO ] [MetricCalculator] [INFO] Parsing the arguments.
[INFO ] [MetricCalculator] [INFO] - Solution file: D:\DIRECTORY\Calculator CSharp-master\Calculator.sln
[INFO ] [MetricCalculator] [INFO] - Output path  : D:\DIRECTORY\Calculator CSharp-master\.static\CSTEST
[INFO ] [MetricCalculator] 
[INFO ] [MetricCalculator] [INFO] Open the solution file.
[INFO ] [MetricCalculator] [INFO] Initialize data.
[INFO ] [MetricCalculator] [INFO] Start calculating metrics.
[INFO ] [MetricCalculator] [INFO] Start collecting information of the called function(s)
[INFO ] [MetricCalculator] [INFO] [1/1] Calculator
[INFO ] [MetricCalculator] [INFO] Execution Time: 00:00:03
[INFO ] [main] Collecting File committer
[WARN ] [main] null
[INFO ] [main] Updating revision.: FINISHED
[INFO ] [main] Uploading project source file.
[INFO ] [main] Creating defect file for upload.
[INFO ] [main] Uploading defects.
[INFO ] [main] Creating metric file for upload.
[INFO ] [main] Uploading metrics.
[INFO ] [main] Uploading analysis log.
[INFO ] [main] Finish Analysis.
