[INFO ] [main] Importing project.
[WARN ] [main] {"projectId":459,"name":"vpes_cs","key":"VPESCS","favorite":false,"language":"CSHARP","owners":[{"active":true,"email":"skfl415@gmail.com","id":37,"username":"윤나리"}],"projectStatus":"FINISHED","analysisProgress":100.0,"ruleSet":[11,8],"description":"","createdDate":1702445695376,"revisionDate":1702618269091,"ruleLanguage":"en_US"}
[INFO ] [main] Importing ruleSet.
[INFO ] [main] Importing analysis exclusion.
[INFO ] [main] Run Analysing.
[INFO ] [main] --------------------NetAnalyzerExecutor--------------------
[INFO ] [main] Execute [cmd,/c,chcp,65001,&,"C:\Users\nryun\AppData\Local\Suresofttech\STATIC Toolbox\apps\STATIC Client for C# v4.7.0\NetAnalyzer\NetAnalyzer.exe",-s,"Tetris.sln",-o,"C:\Users\nryun\Desktop\Calculator CSharp-master\.static\VPESCS",-l,"en_US",-r,"C:\Users\nryun\Desktop\Calculator CSharp-master\.static\VPESCS.activeRules",-e,"C:\Users\nryun\Desktop\Calculator CSharp-master\.static\VPESCS.exclusions"]
[INFO ] [NetAnalyzerExecutor] Active code page: 65001
[INFO ] [NetAnalyzerExecutor] [INFO] Start
[INFO ] [NetAnalyzerExecutor] [ERROR] Solution path is not exist.
[INFO ] [NetAnalyzerExecutor] [ERROR] Path: C:\Users\nryun\Desktop\Calculator CSharp-master\Tetris.sln
[INFO ] [NetAnalyzerExecutor] [ERROR] 지정한 파일을 찾을 수 없습니다.
[INFO ] [NetAnalyzerExecutor] [ERROR] System.IO.FileNotFoundException: 지정한 파일을 찾을 수 없습니다.
[INFO ] [NetAnalyzerExecutor]    위치: NetAnalyzer.OptionParser.SetSolutionPath(String[] args) 파일 C:\NetAnalyzer\NetAnalyzer\OptionParser\OptionParser.cs:줄 55
[INFO ] [NetAnalyzerExecutor]    위치: NetAnalyzer.OptionParser..ctor(String[] args) 파일 C:\NetAnalyzer\NetAnalyzer\OptionParser\OptionParser.cs:줄 27
[INFO ] [NetAnalyzerExecutor]    위치: NetAnalyzer.Program.Main(String[] args) 파일 C:\NetAnalyzer\NetAnalyzer\Program.cs:줄 16
[INFO ] [NetAnalyzerExecutor] [ERROR] Analysis finished abnormally
[INFO ] [NetAnalyzerExecutor] [INFO] Execution TIme: 00:00:00
[INFO ] [NetAnalyzerExecutor] [INFO] Analysis finished normally
[ERROR] [main] unexpected exception
java.lang.NullPointerException: null
	at java.util.Objects.requireNonNull(Objects.java:203)
	at java.util.Arrays$ArrayList.<init>(Arrays.java:3813)
	at java.util.Arrays.asList(Arrays.java:3800)
	at com.codescroll.acp.resource.ZipUtils.compress(ZipUtils.java:27)
	at com.codescroll.acp.resource.ResourceUtils.createFileZip(ResourceUtils.java:148)
	at com.codescroll.acp.AnalysisLauncher.run(AnalysisLauncher.java:87)
	at com.codescroll.acp.ClientMain.main(ClientMain.java:62)
	at sun.reflect.NativeMethodAccessorImpl.invoke0(Native Method)
	at sun.reflect.NativeMethodAccessorImpl.invoke(NativeMethodAccessorImpl.java:62)
	at sun.reflect.DelegatingMethodAccessorImpl.invoke(DelegatingMethodAccessorImpl.java:43)
	at java.lang.reflect.Method.invoke(Method.java:498)
	at org.springframework.boot.loader.MainMethodRunner.run(MainMethodRunner.java:48)
	at org.springframework.boot.loader.Launcher.launch(Launcher.java:87)
	at org.springframework.boot.loader.Launcher.launch(Launcher.java:51)
	at org.springframework.boot.loader.JarLauncher.main(JarLauncher.java:52)
[ERROR] [main] java.lang.NullPointerException : {}
java.lang.NullPointerException: null
	at java.util.Objects.requireNonNull(Objects.java:203)
	at java.util.Arrays$ArrayList.<init>(Arrays.java:3813)
	at java.util.Arrays.asList(Arrays.java:3800)
	at com.codescroll.acp.resource.ZipUtils.compress(ZipUtils.java:27)
	at com.codescroll.acp.resource.ResourceUtils.createFileZip(ResourceUtils.java:148)
	at com.codescroll.acp.AnalysisLauncher.run(AnalysisLauncher.java:87)
	at com.codescroll.acp.ClientMain.main(ClientMain.java:62)
	at sun.reflect.NativeMethodAccessorImpl.invoke0(Native Method)
	at sun.reflect.NativeMethodAccessorImpl.invoke(NativeMethodAccessorImpl.java:62)
	at sun.reflect.DelegatingMethodAccessorImpl.invoke(DelegatingMethodAccessorImpl.java:43)
	at java.lang.reflect.Method.invoke(Method.java:498)
	at org.springframework.boot.loader.MainMethodRunner.run(MainMethodRunner.java:48)
	at org.springframework.boot.loader.Launcher.launch(Launcher.java:87)
	at org.springframework.boot.loader.Launcher.launch(Launcher.java:51)
	at org.springframework.boot.loader.JarLauncher.main(JarLauncher.java:52)
