[2022-06-10 오전 11:24:46] [DEBUG] 
[2022-06-10 오전 11:24:46] [INFO] Solution file: Calculator.sln
[2022-06-10 오전 11:24:46] [INFO] Output path  : D:\DIRECTORY\Calculator CSharp-master\.static\CSQQQQQ\1654827885495.stylecop.json
[2022-06-10 오전 11:24:46] [PROGRESS] 20
[2022-06-10 오전 11:24:47] [INFO] Loaded Calculator.sln in 2006ms
[2022-06-10 오전 11:24:47] [PROGRESS] 40
[2022-06-10 오전 11:24:47] [INFO] Start Analysis
[2022-06-10 오전 11:24:48] [DEBUG] Set Configuration: Release
[2022-06-10 오전 11:24:48] [DEBUG] Set Platform: AnyCpu
[2022-06-10 오전 11:24:49] [INFO] Finish Analysis
[2022-06-10 오전 11:24:49] [PROGRESS] 75
[2022-06-10 오전 11:24:49] [INFO] SA1000: 4 instances
[2022-06-10 오전 11:24:49] [INFO] SA1001: 2 instances
[2022-06-10 오전 11:24:49] [INFO] SA1002: 1 instances
[2022-06-10 오전 11:24:49] [INFO] SA1003: 9 instances
[2022-06-10 오전 11:24:49] [INFO] SA1005: 133 instances
[2022-06-10 오전 11:24:49] [INFO] SA1009: 3 instances
[2022-06-10 오전 11:24:49] [INFO] SA1025: 1 instances
[2022-06-10 오전 11:24:49] [INFO] SA1028: 12 instances
[2022-06-10 오전 11:24:49] [INFO] SA1101: 186 instances
[2022-06-10 오전 11:24:49] [INFO] SA1106: 1 instances
[2022-06-10 오전 11:24:49] [INFO] SA1107: 1 instances
[2022-06-10 오전 11:24:49] [INFO] SA1108: 12 instances
[2022-06-10 오전 11:24:49] [INFO] SA1119: 2 instances
[2022-06-10 오전 11:24:49] [INFO] SA1121: 24 instances
[2022-06-10 오전 11:24:49] [INFO] SA1122: 65 instances
[2022-06-10 오전 11:24:49] [INFO] SA1124: 1 instances
[2022-06-10 오전 11:24:49] [INFO] SA1131: 1 instances
[2022-06-10 오전 11:24:49] [INFO] SA1200: 28 instances
[2022-06-10 오전 11:24:49] [INFO] SA1201: 1 instances
[2022-06-10 오전 11:24:49] [INFO] SA1202: 5 instances
[2022-06-10 오전 11:24:49] [INFO] SA1204: 1 instances
[2022-06-10 오전 11:24:49] [INFO] SA1205: 1 instances
[2022-06-10 오전 11:24:49] [INFO] SA1208: 2 instances
[2022-06-10 오전 11:24:49] [INFO] SA1210: 3 instances
[2022-06-10 오전 11:24:49] [INFO] SA1300: 67 instances
[2022-06-10 오전 11:24:49] [INFO] SA1307: 7 instances
[2022-06-10 오전 11:24:49] [INFO] SA1308: 14 instances
[2022-06-10 오전 11:24:49] [INFO] SA1400: 2 instances
[2022-06-10 오전 11:24:49] [INFO] SA1401: 7 instances
[2022-06-10 오전 11:24:49] [INFO] SA1402: 4 instances
[2022-06-10 오전 11:24:49] [INFO] SA1407: 1 instances
[2022-06-10 오전 11:24:49] [INFO] SA1500: 10 instances
[2022-06-10 오전 11:24:49] [INFO] SA1503: 18 instances
[2022-06-10 오전 11:24:49] [INFO] SA1505: 4 instances
[2022-06-10 오전 11:24:49] [INFO] SA1507: 1 instances
[2022-06-10 오전 11:24:49] [INFO] SA1508: 9 instances
[2022-06-10 오전 11:24:49] [INFO] SA1512: 2 instances
[2022-06-10 오전 11:24:49] [INFO] SA1513: 115 instances
[2022-06-10 오전 11:24:49] [INFO] SA1515: 40 instances
[2022-06-10 오전 11:24:49] [INFO] SA1516: 32 instances
[2022-06-10 오전 11:24:49] [INFO] SA1600: 66 instances
[2022-06-10 오전 11:24:49] [INFO] SA1601: 2 instances
[2022-06-10 오전 11:24:49] [INFO] SA1633: 6 instances
[2022-06-10 오전 11:24:49] [INFO] SA1649: 1 instances
[2022-06-10 오전 11:24:49] [INFO] Found 907 diagnostics in 1747ms
[2022-06-10 오전 11:24:49] [INFO] Write diagnostics to output file
[2022-06-10 오전 11:24:49] [PROGRESS] 100
[2022-06-10 오전 11:24:49] [INFO] Execution Time: 00:00:03
